<?xml version="1.0" encoding="UTF-8"?>
<testsuite xmlns:xsi="http://www.w3.org/2001/XMLSchema-instance" xsi:noNamespaceSchemaLocation="https://maven.apache.org/surefire/maven-failsafe-plugin/xsd/failsafe-test-report-3.0.xsd" version="3.0" name="Testing API - GET" time="6.49" tests="7" errors="0" skipped="0" failures="0">
  <properties>
    <property name="java.specification.version" value="17"/>
    <property name="sun.jnu.encoding" value="UTF-8"/>
    <property name="java.class.path" value="/Users/fizkiarditiakusuma/Downloads/Reqres-API/target/test-classes:/Users/fizkiarditiakusuma/.m2/repository/ch/qos/logback/logback-classic/1.2.3/logback-classic-1.2.3.jar:/Users/fizkiarditiakusuma/.m2/repository/ch/qos/logback/logback-core/1.2.3/logback-core-1.2.3.jar:/Users/fizkiarditiakusuma/.m2/repository/org/slf4j/slf4j-api/1.7.25/slf4j-api-1.7.25.jar:/Users/fizkiarditiakusuma/.m2/repository/net/serenity-bdd/serenity-core/2.4.51/serenity-core-2.4.51.jar:/Users/fizkiarditiakusuma/.m2/repository/net/serenity-bdd/serenity-model/2.4.51/serenity-model-2.4.51.jar:/Users/fizkiarditiakusuma/.m2/repository/org/apache/commons/commons-text/1.9/commons-text-1.9.jar:/Users/fizkiarditiakusuma/.m2/repository/commons-net/commons-net/3.6/commons-net-3.6.jar:/Users/fizkiarditiakusuma/.m2/repository/com/google/guava/guava/30.1-jre/guava-30.1-jre.jar:/Users/fizkiarditiakusuma/.m2/repository/com/google/guava/failureaccess/1.0.1/failureaccess-1.0.1.jar:/Users/fizkiarditiakusuma/.m2/repository/com/google/guava/listenablefuture/9999.0-empty-to-avoid-conflict-with-guava/listenablefuture-9999.0-empty-to-avoid-conflict-with-guava.jar:/Users/fizkiarditiakusuma/.m2/repository/org/checkerframework/checker-qual/3.5.0/checker-qual-3.5.0.jar:/Users/fizkiarditiakusuma/.m2/repository/com/google/errorprone/error_prone_annotations/2.3.4/error_prone_annotations-2.3.4.jar:/Users/fizkiarditiakusuma/.m2/repository/com/google/j2objc/j2objc-annotations/1.3/j2objc-annotations-1.3.jar:/Users/fizkiarditiakusuma/.m2/repository/com/google/inject/guice/5.0.1/guice-5.0.1.jar:/Users/fizkiarditiakusuma/.m2/repository/javax/inject/javax.inject/1/javax.inject-1.jar:/Users/fizkiarditiakusuma/.m2/repository/aopalliance/aopalliance/1.0/aopalliance-1.0.jar:/Users/fizkiarditiakusuma/.m2/repository/org/jsoup/jsoup/1.13.1/jsoup-1.13.1.jar:/Users/fizkiarditiakusuma/.m2/repository/com/thoughtworks/xstream/xstream/1.4.17/xstream-1.4.17.jar:/Users/fizkiarditiakusuma/.m2/repository/io/github/x-stream/mxparser/1.2.1/mxparser-1.2.1.jar:/Users/fizkiarditiakusuma/.m2/repository/xmlpull/xmlpull/1.1.3.1/xmlpull-1.1.3.1.jar:/Users/fizkiarditiakusuma/.m2/repository/io/cucumber/cucumber-core/6.10.2/cucumber-core-6.10.2.jar:/Users/fizkiarditiakusuma/.m2/repository/io/cucumber/cucumber-gherkin/6.10.2/cucumber-gherkin-6.10.2.jar:/Users/fizkiarditiakusuma/.m2/repository/io/cucumber/cucumber-gherkin-messages/6.10.2/cucumber-gherkin-messages-6.10.2.jar:/Users/fizkiarditiakusuma/.m2/repository/io/cucumber/messages/14.0.1/messages-14.0.1.jar:/Users/fizkiarditiakusuma/.m2/repository/io/cucumber/tag-expressions/3.0.0/tag-expressions-3.0.0.jar:/Users/fizkiarditiakusuma/.m2/repository/io/cucumber/cucumber-expressions/10.3.0/cucumber-expressions-10.3.0.jar:/Users/fizkiarditiakusuma/.m2/repository/io/cucumber/cucumber-plugin/6.10.2/cucumber-plugin-6.10.2.jar:/Users/fizkiarditiakusuma/.m2/repository/io/cucumber/docstring/6.10.2/docstring-6.10.2.jar:/Users/fizkiarditiakusuma/.m2/repository/io/cucumber/html-formatter/12.0.0/html-formatter-12.0.0.jar:/Users/fizkiarditiakusuma/.m2/repository/io/cucumber/create-meta/3.0.0/create-meta-3.0.0.jar:/Users/fizkiarditiakusuma/.m2/repository/com/typesafe/config/1.3.1/config-1.3.1.jar:/Users/fizkiarditiakusuma/.m2/repository/org/imgscalr/imgscalr-lib/4.2/imgscalr-lib-4.2.jar:/Users/fizkiarditiakusuma/.m2/repository/org/awaitility/awaitility/4.0.3/awaitility-4.0.3.jar:/Users/fizkiarditiakusuma/.m2/repository/org/freemarker/freemarker/2.3.29/freemarker-2.3.29.jar:/Users/fizkiarditiakusuma/.m2/repository/net/sourceforge/jexcelapi/jxl/2.6.12/jxl-2.6.12.jar:/Users/fizkiarditiakusuma/.m2/repository/org/asciidoctor/asciidoctorj/2.5.1/asciidoctorj-2.5.1.jar:/Users/fizkiarditiakusuma/.m2/repository/org/asciidoctor/asciidoctorj-api/2.5.1/asciidoctorj-api-2.5.1.jar:/Users/fizkiarditiakusuma/.m2/repository/org/jruby/jruby/9.2.17.0/jruby-9.2.17.0.jar:/Users/fizkiarditiakusuma/.m2/repository/org/jruby/jruby-core/9.2.17.0/jruby-core-9.2.17.0.jar:/Users/fizkiarditiakusuma/.m2/repository/com/github/jnr/jnr-netdb/1.2.0/jnr-netdb-1.2.0.jar:/Users/fizkiarditiakusuma/.m2/repository/com/github/jnr/jnr-enxio/0.32.3/jnr-enxio-0.32.3.jar:/Users/fizkiarditiakusuma/.m2/repository/com/github/jnr/jnr-unixsocket/0.38.5/jnr-unixsocket-0.38.5.jar:/Users/fizkiarditiakusuma/.m2/repository/com/github/jnr/jnr-posix/3.1.4/jnr-posix-3.1.4.jar:/Users/fizkiarditiakusuma/.m2/repository/com/github/jnr/jnr-constants/0.10.1/jnr-constants-0.10.1.jar:/Users/fizkiarditiakusuma/.m2/repository/com/github/jnr/jffi/1.3.1/jffi-1.3.1.jar:/Users/fizkiarditiakusuma/.m2/repository/com/github/jnr/jffi/1.3.1/jffi-1.3.1-native.jar:/Users/fizkiarditiakusuma/.m2/repository/org/jruby/joni/joni/2.1.31/joni-2.1.31.jar:/Users/fizkiarditiakusuma/.m2/repository/org/jruby/jcodings/jcodings/1.0.46/jcodings-1.0.46.jar:/Users/fizkiarditiakusuma/.m2/repository/org/jruby/dirgra/0.3/dirgra-0.3.jar:/Users/fizkiarditiakusuma/.m2/repository/com/headius/invokebinder/1.11/invokebinder-1.11.jar:/Users/fizkiarditiakusuma/.m2/repository/com/headius/options/1.4/options-1.4.jar:/Users/fizkiarditiakusuma/.m2/repository/com/jcraft/jzlib/1.1.3/jzlib-1.1.3.jar:/Users/fizkiarditiakusuma/.m2/repository/com/martiansoftware/nailgun-server/0.9.1/nailgun-server-0.9.1.jar:/Users/fizkiarditiakusuma/.m2/repository/com/headius/backport9/1.8/backport9-1.8.jar:/Users/fizkiarditiakusuma/.m2/repository/javax/annotation/javax.annotation-api/1.3.1/javax.annotation-api-1.3.1.jar:/Users/fizkiarditiakusuma/.m2/repository/org/jruby/jruby-stdlib/9.2.17.0/jruby-stdlib-9.2.17.0.jar:/Users/fizkiarditiakusuma/.m2/repository/net/bytebuddy/byte-buddy/1.11.1/byte-buddy-1.11.1.jar:/Users/fizkiarditiakusuma/.m2/repository/net/bytebuddy/byte-buddy-agent/1.11.1/byte-buddy-agent-1.11.1.jar:/Users/fizkiarditiakusuma/.m2/repository/org/objenesis/objenesis/3.1/objenesis-3.1.jar:/Users/fizkiarditiakusuma/.m2/repository/net/serenity-bdd/serenity-reports/2.4.51/serenity-reports-2.4.51.jar:/Users/fizkiarditiakusuma/.m2/repository/net/serenity-bdd/serenity-stats/2.4.51/serenity-stats-2.4.51.jar:/Users/fizkiarditiakusuma/.m2/repository/org/jetbrains/kotlin/kotlin-stdlib/1.5.0/kotlin-stdlib-1.5.0.jar:/Users/fizkiarditiakusuma/.m2/repository/org/jetbrains/annotations/13.0/annotations-13.0.jar:/Users/fizkiarditiakusuma/.m2/repository/org/jetbrains/kotlin/kotlin-stdlib-common/1.5.0/kotlin-stdlib-common-1.5.0.jar:/Users/fizkiarditiakusuma/.m2/repository/net/serenity-bdd/serenity-reports-configuration/2.4.51/serenity-reports-configuration-2.4.51.jar:/Users/fizkiarditiakusuma/.m2/repository/com/vladsch/flexmark/flexmark-all/0.34.30/flexmark-all-0.34.30.jar:/Users/fizkiarditiakusuma/.m2/repository/com/vladsch/flexmark/flexmark/0.34.30/flexmark-0.34.30.jar:/Users/fizkiarditiakusuma/.m2/repository/com/vladsch/flexmark/flexmark-ext-abbreviation/0.34.30/flexmark-ext-abbreviation-0.34.30.jar:/Users/fizkiarditiakusuma/.m2/repository/com/vladsch/flexmark/flexmark-ext-admonition/0.34.30/flexmark-ext-admonition-0.34.30.jar:/Users/fizkiarditiakusuma/.m2/repository/com/vladsch/flexmark/flexmark-ext-anchorlink/0.34.30/flexmark-ext-anchorlink-0.34.30.jar:/Users/fizkiarditiakusuma/.m2/repository/com/vladsch/flexmark/flexmark-ext-aside/0.34.30/flexmark-ext-aside-0.34.30.jar:/Users/fizkiarditiakusuma/.m2/repository/com/vladsch/flexmark/flexmark-ext-attributes/0.34.30/flexmark-ext-attributes-0.34.30.jar:/Users/fizkiarditiakusuma/.m2/repository/com/vladsch/flexmark/flexmark-ext-autolink/0.34.30/flexmark-ext-autolink-0.34.30.jar:/Users/fizkiarditiakusuma/.m2/repository/org/nibor/autolink/autolink/0.6.0/autolink-0.6.0.jar:/Users/fizkiarditiakusuma/.m2/repository/com/vladsch/flexmark/flexmark-ext-definition/0.34.30/flexmark-ext-definition-0.34.30.jar:/Users/fizkiarditiakusuma/.m2/repository/com/vladsch/flexmark/flexmark-ext-emoji/0.34.30/flexmark-ext-emoji-0.34.30.jar:/Users/fizkiarditiakusuma/.m2/repository/com/vladsch/flexmark/flexmark-ext-enumerated-reference/0.34.30/flexmark-ext-enumerated-reference-0.34.30.jar:/Users/fizkiarditiakusuma/.m2/repository/com/vladsch/flexmark/flexmark-ext-escaped-character/0.34.30/flexmark-ext-escaped-character-0.34.30.jar:/Users/fizkiarditiakusuma/.m2/repository/com/vladsch/flexmark/flexmark-ext-footnotes/0.34.30/flexmark-ext-footnotes-0.34.30.jar:/Users/fizkiarditiakusuma/.m2/repository/com/vladsch/flexmark/flexmark-ext-gfm-issues/0.34.30/flexmark-ext-gfm-issues-0.34.30.jar:/Users/fizkiarditiakusuma/.m2/repository/com/vladsch/flexmark/flexmark-ext-gfm-strikethrough/0.34.30/flexmark-ext-gfm-strikethrough-0.34.30.jar:/Users/fizkiarditiakusuma/.m2/repository/com/vladsch/flexmark/flexmark-ext-gfm-tables/0.34.30/flexmark-ext-gfm-tables-0.34.30.jar:/Users/fizkiarditiakusuma/.m2/repository/com/vladsch/flexmark/flexmark-ext-gfm-tasklist/0.34.30/flexmark-ext-gfm-tasklist-0.34.30.jar:/Users/fizkiarditiakusuma/.m2/repository/com/vladsch/flexmark/flexmark-ext-gfm-users/0.34.30/flexmark-ext-gfm-users-0.34.30.jar:/Users/fizkiarditiakusuma/.m2/repository/com/vladsch/flexmark/flexmark-ext-gitlab/0.34.30/flexmark-ext-gitlab-0.34.30.jar:/Users/fizkiarditiakusuma/.m2/repository/com/vladsch/flexmark/flexmark-ext-jekyll-front-matter/0.34.30/flexmark-ext-jekyll-front-matter-0.34.30.jar:/Users/fizkiarditiakusuma/.m2/repository/com/vladsch/flexmark/flexmark-ext-jekyll-tag/0.34.30/flexmark-ext-jekyll-tag-0.34.30.jar:/Users/fizkiarditiakusuma/.m2/repository/com/vladsch/flexmark/flexmark-ext-media-tags/0.34.30/flexmark-ext-media-tags-0.34.30.jar:/Users/fizkiarditiakusuma/.m2/repository/com/vladsch/flexmark/flexmark-test-util/0.34.30/flexmark-test-util-0.34.30.jar:/Users/fizkiarditiakusuma/.m2/repository/com/vladsch/flexmark/flexmark-ext-ins/0.34.30/flexmark-ext-ins-0.34.30.jar:/Users/fizkiarditiakusuma/.m2/repository/com/vladsch/flexmark/flexmark-ext-xwiki-macros/0.34.30/flexmark-ext-xwiki-macros-0.34.30.jar:/Users/fizkiarditiakusuma/.m2/repository/com/vladsch/flexmark/flexmark-ext-superscript/0.34.30/flexmark-ext-superscript-0.34.30.jar:/Users/fizkiarditiakusuma/.m2/repository/com/vladsch/flexmark/flexmark-ext-tables/0.34.30/flexmark-ext-tables-0.34.30.jar:/Users/fizkiarditiakusuma/.m2/repository/com/vladsch/flexmark/flexmark-ext-toc/0.34.30/flexmark-ext-toc-0.34.30.jar:/Users/fizkiarditiakusuma/.m2/repository/com/vladsch/flexmark/flexmark-ext-typographic/0.34.30/flexmark-ext-typographic-0.34.30.jar:/Users/fizkiarditiakusuma/.m2/repository/com/vladsch/flexmark/flexmark-ext-wikilink/0.34.30/flexmark-ext-wikilink-0.34.30.jar:/Users/fizkiarditiakusuma/.m2/repository/com/vladsch/flexmark/flexmark-ext-yaml-front-matter/0.34.30/flexmark-ext-yaml-front-matter-0.34.30.jar:/Users/fizkiarditiakusuma/.m2/repository/com/vladsch/flexmark/flexmark-ext-youtube-embedded/0.34.30/flexmark-ext-youtube-embedded-0.34.30.jar:/Users/fizkiarditiakusuma/.m2/repository/com/vladsch/flexmark/flexmark-formatter/0.34.30/flexmark-formatter-0.34.30.jar:/Users/fizkiarditiakusuma/.m2/repository/com/vladsch/flexmark/flexmark-html-parser/0.34.30/flexmark-html-parser-0.34.30.jar:/Users/fizkiarditiakusuma/.m2/repository/com/vladsch/flexmark/flexmark-jira-converter/0.34.30/flexmark-jira-converter-0.34.30.jar:/Users/fizkiarditiakusuma/.m2/repository/com/vladsch/flexmark/flexmark-pdf-converter/0.34.30/flexmark-pdf-converter-0.34.30.jar:/Users/fizkiarditiakusuma/.m2/repository/com/openhtmltopdf/openhtmltopdf-core/0.0.1-RC13/openhtmltopdf-core-0.0.1-RC13.jar:/Users/fizkiarditiakusuma/.m2/repository/com/openhtmltopdf/openhtmltopdf-pdfbox/0.0.1-RC13/openhtmltopdf-pdfbox-0.0.1-RC13.jar:/Users/fizkiarditiakusuma/.m2/repository/org/apache/pdfbox/pdfbox/2.0.8/pdfbox-2.0.8.jar:/Users/fizkiarditiakusuma/.m2/repository/org/apache/pdfbox/fontbox/2.0.8/fontbox-2.0.8.jar:/Users/fizkiarditiakusuma/.m2/repository/org/apache/pdfbox/xmpbox/2.0.8/xmpbox-2.0.8.jar:/Users/fizkiarditiakusuma/.m2/repository/de/rototor/pdfbox/graphics2d/0.12/graphics2d-0.12.jar:/Users/fizkiarditiakusuma/.m2/repository/com/openhtmltopdf/openhtmltopdf-rtl-support/0.0.1-RC13/openhtmltopdf-rtl-support-0.0.1-RC13.jar:/Users/fizkiarditiakusuma/.m2/repository/com/ibm/icu/icu4j/59.1/icu4j-59.1.jar:/Users/fizkiarditiakusuma/.m2/repository/com/openhtmltopdf/openhtmltopdf-jsoup-dom-converter/0.0.1-RC13/openhtmltopdf-jsoup-dom-converter-0.0.1-RC13.jar:/Users/fizkiarditiakusuma/.m2/repository/com/vladsch/flexmark/flexmark-profile-pegdown/0.34.30/flexmark-profile-pegdown-0.34.30.jar:/Users/fizkiarditiakusuma/.m2/repository/com/vladsch/flexmark/flexmark-util/0.34.30/flexmark-util-0.34.30.jar:/Users/fizkiarditiakusuma/.m2/repository/com/vladsch/flexmark/flexmark-youtrack-converter/0.34.30/flexmark-youtrack-converter-0.34.30.jar:/Users/fizkiarditiakusuma/.m2/repository/es/nitaur/markdown/txtmark/0.16/txtmark-0.16.jar:/Users/fizkiarditiakusuma/.m2/repository/net/serenity-bdd/serenity-report-resources/2.4.51/serenity-report-resources-2.4.51.jar:/Users/fizkiarditiakusuma/.m2/repository/com/google/code/gson/gson/2.8.7/gson-2.8.7.jar:/Users/fizkiarditiakusuma/.m2/repository/com/fasterxml/jackson/core/jackson-core/2.12.4/jackson-core-2.12.4.jar:/Users/fizkiarditiakusuma/.m2/repository/com/fasterxml/jackson/core/jackson-databind/2.12.4/jackson-databind-2.12.4.jar:/Users/fizkiarditiakusuma/.m2/repository/com/fasterxml/jackson/core/jackson-annotations/2.12.4/jackson-annotations-2.12.4.jar:/Users/fizkiarditiakusuma/.m2/repository/commons-codec/commons-codec/1.15/commons-codec-1.15.jar:/Users/fizkiarditiakusuma/.m2/repository/commons-io/commons-io/2.8.0/commons-io-2.8.0.jar:/Users/fizkiarditiakusuma/.m2/repository/org/seleniumhq/selenium/selenium-server/3.141.59/selenium-server-3.141.59.jar:/Users/fizkiarditiakusuma/.m2/repository/org/seleniumhq/selenium/selenium-opera-driver/3.141.59/selenium-opera-driver-3.141.59.jar:/Users/fizkiarditiakusuma/.m2/repository/org/seleniumhq/selenium/selenium-remote-driver/3.141.59/selenium-remote-driver-3.141.59.jar:/Users/fizkiarditiakusuma/.m2/repository/org/seleniumhq/selenium/selenium-safari-driver/3.141.59/selenium-safari-driver-3.141.59.jar:/Users/fizkiarditiakusuma/.m2/repository/com/beust/jcommander/1.72/jcommander-1.72.jar:/Users/fizkiarditiakusuma/.m2/repository/org/apache/commons/commons-exec/1.3/commons-exec-1.3.jar:/Users/fizkiarditiakusuma/.m2/repository/net/jcip/jcip-annotations/1.0/jcip-annotations-1.0.jar:/Users/fizkiarditiakusuma/.m2/repository/org/seleniumhq/selenium/jetty-repacked/9.4.12.v20180830/jetty-repacked-9.4.12.v20180830.jar:/Users/fizkiarditiakusuma/.m2/repository/com/squareup/okhttp3/okhttp/3.11.0/okhttp-3.11.0.jar:/Users/fizkiarditiakusuma/.m2/repository/com/squareup/okio/okio/1.14.0/okio-1.14.0.jar:/Users/fizkiarditiakusuma/.m2/repository/javax/servlet/javax.servlet-api/3.1.0/javax.servlet-api-3.1.0.jar:/Users/fizkiarditiakusuma/.m2/repository/org/yaml/snakeyaml/1.19/snakeyaml-1.19.jar:/Users/fizkiarditiakusuma/.m2/repository/org/seleniumhq/selenium/selenium-java/3.141.59/selenium-java-3.141.59.jar:/Users/fizkiarditiakusuma/.m2/repository/org/seleniumhq/selenium/selenium-api/3.141.59/selenium-api-3.141.59.jar:/Users/fizkiarditiakusuma/.m2/repository/org/seleniumhq/selenium/selenium-support/3.141.59/selenium-support-3.141.59.jar:/Users/fizkiarditiakusuma/.m2/repository/org/seleniumhq/selenium/selenium-chrome-driver/3.141.59/selenium-chrome-driver-3.141.59.jar:/Users/fizkiarditiakusuma/.m2/repository/org/seleniumhq/selenium/selenium-firefox-driver/3.141.59/selenium-firefox-driver-3.141.59.jar:/Users/fizkiarditiakusuma/.m2/repository/org/seleniumhq/selenium/selenium-edge-driver/3.141.59/selenium-edge-driver-3.141.59.jar:/Users/fizkiarditiakusuma/.m2/repository/org/seleniumhq/selenium/selenium-ie-driver/3.141.59/selenium-ie-driver-3.141.59.jar:/Users/fizkiarditiakusuma/.m2/repository/net/sourceforge/htmlunit/htmlunit/2.47.1/htmlunit-2.47.1.jar:/Users/fizkiarditiakusuma/.m2/repository/xalan/xalan/2.7.2/xalan-2.7.2.jar:/Users/fizkiarditiakusuma/.m2/repository/xalan/serializer/2.7.2/serializer-2.7.2.jar:/Users/fizkiarditiakusuma/.m2/repository/net/sourceforge/htmlunit/htmlunit-core-js/2.47.0/htmlunit-core-js-2.47.0.jar:/Users/fizkiarditiakusuma/.m2/repository/net/sourceforge/htmlunit/neko-htmlunit/2.47.1/neko-htmlunit-2.47.1.jar:/Users/fizkiarditiakusuma/.m2/repository/xerces/xercesImpl/2.12.0/xercesImpl-2.12.0.jar:/Users/fizkiarditiakusuma/.m2/repository/xml-apis/xml-apis/1.4.01/xml-apis-1.4.01.jar:/Users/fizkiarditiakusuma/.m2/repository/net/sourceforge/htmlunit/htmlunit-cssparser/1.7.0/htmlunit-cssparser-1.7.0.jar:/Users/fizkiarditiakusuma/.m2/repository/org/brotli/dec/0.1.2/dec-0.1.2.jar:/Users/fizkiarditiakusuma/.m2/repository/com/shapesecurity/salvation2/3.0.0/salvation2-3.0.0.jar:/Users/fizkiarditiakusuma/.m2/repository/org/eclipse/jetty/websocket/websocket-client/9.4.36.v20210114/websocket-client-9.4.36.v20210114.jar:/Users/fizkiarditiakusuma/.m2/repository/org/eclipse/jetty/jetty-client/9.4.36.v20210114/jetty-client-9.4.36.v20210114.jar:/Users/fizkiarditiakusuma/.m2/repository/org/eclipse/jetty/jetty-http/9.4.36.v20210114/jetty-http-9.4.36.v20210114.jar:/Users/fizkiarditiakusuma/.m2/repository/org/eclipse/jetty/jetty-util/9.4.36.v20210114/jetty-util-9.4.36.v20210114.jar:/Users/fizkiarditiakusuma/.m2/repository/org/eclipse/jetty/jetty-io/9.4.36.v20210114/jetty-io-9.4.36.v20210114.jar:/Users/fizkiarditiakusuma/.m2/repository/org/eclipse/jetty/websocket/websocket-common/9.4.36.v20210114/websocket-common-9.4.36.v20210114.jar:/Users/fizkiarditiakusuma/.m2/repository/org/eclipse/jetty/websocket/websocket-api/9.4.36.v20210114/websocket-api-9.4.36.v20210114.jar:/Users/fizkiarditiakusuma/.m2/repository/org/projectlombok/lombok/1.18.20/lombok-1.18.20.jar:/Users/fizkiarditiakusuma/.m2/repository/org/seleniumhq/selenium/htmlunit-driver/2.47.1/htmlunit-driver-2.47.1.jar:/Users/fizkiarditiakusuma/.m2/repository/com/codeborne/phantomjsdriver/1.4.4/phantomjsdriver-1.4.4.jar:/Users/fizkiarditiakusuma/.m2/repository/io/appium/java-client/7.5.1/java-client-7.5.1.jar:/Users/fizkiarditiakusuma/.m2/repository/commons-validator/commons-validator/1.7/commons-validator-1.7.jar:/Users/fizkiarditiakusuma/.m2/repository/commons-digester/commons-digester/2.1/commons-digester-2.1.jar:/Users/fizkiarditiakusuma/.m2/repository/org/aspectj/aspectjweaver/1.9.6/aspectjweaver-1.9.6.jar:/Users/fizkiarditiakusuma/.m2/repository/net/sf/opencsv/opencsv/2.0/opencsv-2.0.jar:/Users/fizkiarditiakusuma/.m2/repository/commons-beanutils/commons-beanutils/1.9.4/commons-beanutils-1.9.4.jar:/Users/fizkiarditiakusuma/.m2/repository/org/apache/commons/commons-lang3/3.11/commons-lang3-3.11.jar:/Users/fizkiarditiakusuma/.m2/repository/commons-collections/commons-collections/3.2.2/commons-collections-3.2.2.jar:/Users/fizkiarditiakusuma/.m2/repository/org/fluentlenium/fluentlenium-core/0.10.2/fluentlenium-core-0.10.2.jar:/Users/fizkiarditiakusuma/.m2/repository/io/github/bonigarcia/webdrivermanager/4.4.1/webdrivermanager-4.4.1.jar:/Users/fizkiarditiakusuma/.m2/repository/org/apache/httpcomponents/client5/httpclient5/5.0.3/httpclient5-5.0.3.jar:/Users/fizkiarditiakusuma/.m2/repository/org/apache/httpcomponents/core5/httpcore5/5.0.2/httpcore5-5.0.2.jar:/Users/fizkiarditiakusuma/.m2/repository/org/apache/httpcomponents/core5/httpcore5-h2/5.0.2/httpcore5-h2-5.0.2.jar:/Users/fizkiarditiakusuma/.m2/repository/org/rauschig/jarchivelib/1.1.0/jarchivelib-1.1.0.jar:/Users/fizkiarditiakusuma/.m2/repository/org/apache/commons/commons-compress/1.20/commons-compress-1.20.jar:/Users/fizkiarditiakusuma/.m2/repository/com/jhlabs/filters/2.0.235/filters-2.0.235.jar:/Users/fizkiarditiakusuma/.m2/repository/com/paulhammant/ngwebdriver/1.1.5/ngwebdriver-1.1.5.jar:/Users/fizkiarditiakusuma/.m2/repository/joda-time/joda-time/2.8.2/joda-time-2.8.2.jar:/Users/fizkiarditiakusuma/.m2/repository/com/google/jimfs/jimfs/1.1/jimfs-1.1.jar:/Users/fizkiarditiakusuma/.m2/repository/org/mockito/mockito-core/3.3.3/mockito-core-3.3.3.jar:/Users/fizkiarditiakusuma/.m2/repository/javax/xml/bind/jaxb-api/2.3.1/jaxb-api-2.3.1.jar:/Users/fizkiarditiakusuma/.m2/repository/javax/activation/javax.activation-api/1.2.0/javax.activation-api-1.2.0.jar:/Users/fizkiarditiakusuma/.m2/repository/com/sun/xml/bind/jaxb-core/2.3.0.1/jaxb-core-2.3.0.1.jar:/Users/fizkiarditiakusuma/.m2/repository/com/sun/xml/bind/jaxb-impl/2.3.3/jaxb-impl-2.3.3.jar:/Users/fizkiarditiakusuma/.m2/repository/com/sun/activation/jakarta.activation/1.2.2/jakarta.activation-1.2.2.jar:/Users/fizkiarditiakusuma/.m2/repository/javax/activation/activation/1.1.1/activation-1.1.1.jar:/Users/fizkiarditiakusuma/.m2/repository/net/serenity-bdd/serenity-junit/2.4.51/serenity-junit-2.4.51.jar:/Users/fizkiarditiakusuma/.m2/repository/net/serenity-bdd/serenity-rest-assured/2.4.51/serenity-rest-assured-2.4.51.jar:/Users/fizkiarditiakusuma/.m2/repository/org/codehaus/groovy/groovy-json/3.0.8/groovy-json-3.0.8.jar:/Users/fizkiarditiakusuma/.m2/repository/org/opentest4j/opentest4j/1.2.0/opentest4j-1.2.0.jar:/Users/fizkiarditiakusuma/.m2/repository/net/serenity-bdd/serenity-screenplay/2.4.51/serenity-screenplay-2.4.51.jar:/Users/fizkiarditiakusuma/.m2/repository/net/serenity-bdd/serenity-screenplay-rest/2.4.51/serenity-screenplay-rest-2.4.51.jar:/Users/fizkiarditiakusuma/.m2/repository/net/serenity-bdd/serenity-cucumber6/2.4.51/serenity-cucumber6-2.4.51.jar:/Users/fizkiarditiakusuma/.m2/repository/net/serenity-bdd/serenity-screenplay-webdriver/2.4.51/serenity-screenplay-webdriver-2.4.51.jar:/Users/fizkiarditiakusuma/.m2/repository/io/cucumber/cucumber-java/6.10.4/cucumber-java-6.10.4.jar:/Users/fizkiarditiakusuma/.m2/repository/org/apiguardian/apiguardian-api/1.1.1/apiguardian-api-1.1.1.jar:/Users/fizkiarditiakusuma/.m2/repository/io/cucumber/cucumber-junit/6.10.4/cucumber-junit-6.10.4.jar:/Users/fizkiarditiakusuma/.m2/repository/io/cucumber/datatable-matchers/3.4.0/datatable-matchers-3.4.0.jar:/Users/fizkiarditiakusuma/.m2/repository/io/cucumber/datatable/3.4.0/datatable-3.4.0.jar:/Users/fizkiarditiakusuma/.m2/repository/commons-logging/commons-logging/1.2/commons-logging-1.2.jar:/Users/fizkiarditiakusuma/.m2/repository/org/apache/commons/commons-csv/1.5/commons-csv-1.5.jar:/Users/fizkiarditiakusuma/.m2/repository/io/rest-assured/rest-assured/4.3.2/rest-assured-4.3.2.jar:/Users/fizkiarditiakusuma/.m2/repository/org/apache/httpcomponents/httpclient/4.5.3/httpclient-4.5.3.jar:/Users/fizkiarditiakusuma/.m2/repository/org/apache/httpcomponents/httpcore/4.4.6/httpcore-4.4.6.jar:/Users/fizkiarditiakusuma/.m2/repository/org/apache/httpcomponents/httpmime/4.5.3/httpmime-4.5.3.jar:/Users/fizkiarditiakusuma/.m2/repository/org/ccil/cowan/tagsoup/tagsoup/1.2.1/tagsoup-1.2.1.jar:/Users/fizkiarditiakusuma/.m2/repository/io/rest-assured/json-path/4.3.3/json-path-4.3.3.jar:/Users/fizkiarditiakusuma/.m2/repository/io/rest-assured/rest-assured-common/4.3.3/rest-assured-common-4.3.3.jar:/Users/fizkiarditiakusuma/.m2/repository/io/rest-assured/xml-path/4.3.3/xml-path-4.3.3.jar:/Users/fizkiarditiakusuma/.m2/repository/jakarta/xml/bind/jakarta.xml.bind-api/2.3.3/jakarta.xml.bind-api-2.3.3.jar:/Users/fizkiarditiakusuma/.m2/repository/jakarta/activation/jakarta.activation-api/1.2.2/jakarta.activation-api-1.2.2.jar:/Users/fizkiarditiakusuma/.m2/repository/org/codehaus/groovy/groovy/3.0.6/groovy-3.0.6.jar:/Users/fizkiarditiakusuma/.m2/repository/org/codehaus/groovy/groovy-xml/3.0.6/groovy-xml-3.0.6.jar:/Users/fizkiarditiakusuma/.m2/repository/junit/junit/4.13.1/junit-4.13.1.jar:/Users/fizkiarditiakusuma/.m2/repository/org/hamcrest/hamcrest-core/1.3/hamcrest-core-1.3.jar:/Users/fizkiarditiakusuma/.m2/repository/org/assertj/assertj-core/3.6.2/assertj-core-3.6.2.jar:/Users/fizkiarditiakusuma/.m2/repository/org/hamcrest/hamcrest/2.2/hamcrest-2.2.jar:/Users/fizkiarditiakusuma/.m2/repository/io/rest-assured/json-schema-validator/5.2.0/json-schema-validator-5.2.0.jar:/Users/fizkiarditiakusuma/.m2/repository/com/github/java-json-tools/json-schema-validator/2.2.14/json-schema-validator-2.2.14.jar:/Users/fizkiarditiakusuma/.m2/repository/com/github/java-json-tools/jackson-coreutils-equivalence/1.0/jackson-coreutils-equivalence-1.0.jar:/Users/fizkiarditiakusuma/.m2/repository/com/github/java-json-tools/jackson-coreutils/2.0/jackson-coreutils-2.0.jar:/Users/fizkiarditiakusuma/.m2/repository/com/github/java-json-tools/msg-simple/1.2/msg-simple-1.2.jar:/Users/fizkiarditiakusuma/.m2/repository/com/github/java-json-tools/btf/1.3/btf-1.3.jar:/Users/fizkiarditiakusuma/.m2/repository/com/github/java-json-tools/json-schema-core/1.2.14/json-schema-core-1.2.14.jar:/Users/fizkiarditiakusuma/.m2/repository/com/github/java-json-tools/uri-template/0.10/uri-template-0.10.jar:/Users/fizkiarditiakusuma/.m2/repository/org/mozilla/rhino/1.7.7.2/rhino-1.7.7.2.jar:/Users/fizkiarditiakusuma/.m2/repository/com/sun/mail/mailapi/1.6.2/mailapi-1.6.2.jar:/Users/fizkiarditiakusuma/.m2/repository/com/googlecode/libphonenumber/libphonenumber/8.11.1/libphonenumber-8.11.1.jar:/Users/fizkiarditiakusuma/.m2/repository/com/google/code/findbugs/jsr305/3.0.2/jsr305-3.0.2.jar:/Users/fizkiarditiakusuma/.m2/repository/net/sf/jopt-simple/jopt-simple/5.0.4/jopt-simple-5.0.4.jar:"/>
    <property name="java.vm.vendor" value="Eclipse Adoptium"/>
    <property name="sun.arch.data.model" value="64"/>
    <property name="java.vendor.url" value="https://adoptium.net/"/>
    <property name="user.timezone" value="Asia/Jakarta"/>
    <property name="os.name" value="Mac OS X"/>
    <property name="java.vm.specification.version" value="17"/>
    <property name="sun.java.launcher" value="SUN_STANDARD"/>
    <property name="user.country" value="ID"/>
    <property name="sun.boot.library.path" value="/Library/Java/JavaVirtualMachines/temurin-17.jdk/Contents/Home/lib"/>
    <property name="sun.java.command" value="org.apache.maven.surefire.booter.ForkedBooter /Users/fizkiarditiakusuma/Downloads/Reqres-API/target/surefire 2023-09-15T17-42-02_507-jvmRun1 surefire13766804848546672544tmp surefire_05745552682567699649tmp"/>
    <property name="http.nonProxyHosts" value="local|*.local|169.254/16|*.169.254/16"/>
    <property name="jdk.debug" value="release"/>
    <property name="surefire.test.class.path" value="/Users/fizkiarditiakusuma/Downloads/Reqres-API/target/test-classes:/Users/fizkiarditiakusuma/.m2/repository/ch/qos/logback/logback-classic/1.2.3/logback-classic-1.2.3.jar:/Users/fizkiarditiakusuma/.m2/repository/ch/qos/logback/logback-core/1.2.3/logback-core-1.2.3.jar:/Users/fizkiarditiakusuma/.m2/repository/org/slf4j/slf4j-api/1.7.25/slf4j-api-1.7.25.jar:/Users/fizkiarditiakusuma/.m2/repository/net/serenity-bdd/serenity-core/2.4.51/serenity-core-2.4.51.jar:/Users/fizkiarditiakusuma/.m2/repository/net/serenity-bdd/serenity-model/2.4.51/serenity-model-2.4.51.jar:/Users/fizkiarditiakusuma/.m2/repository/org/apache/commons/commons-text/1.9/commons-text-1.9.jar:/Users/fizkiarditiakusuma/.m2/repository/commons-net/commons-net/3.6/commons-net-3.6.jar:/Users/fizkiarditiakusuma/.m2/repository/com/google/guava/guava/30.1-jre/guava-30.1-jre.jar:/Users/fizkiarditiakusuma/.m2/repository/com/google/guava/failureaccess/1.0.1/failureaccess-1.0.1.jar:/Users/fizkiarditiakusuma/.m2/repository/com/google/guava/listenablefuture/9999.0-empty-to-avoid-conflict-with-guava/listenablefuture-9999.0-empty-to-avoid-conflict-with-guava.jar:/Users/fizkiarditiakusuma/.m2/repository/org/checkerframework/checker-qual/3.5.0/checker-qual-3.5.0.jar:/Users/fizkiarditiakusuma/.m2/repository/com/google/errorprone/error_prone_annotations/2.3.4/error_prone_annotations-2.3.4.jar:/Users/fizkiarditiakusuma/.m2/repository/com/google/j2objc/j2objc-annotations/1.3/j2objc-annotations-1.3.jar:/Users/fizkiarditiakusuma/.m2/repository/com/google/inject/guice/5.0.1/guice-5.0.1.jar:/Users/fizkiarditiakusuma/.m2/repository/javax/inject/javax.inject/1/javax.inject-1.jar:/Users/fizkiarditiakusuma/.m2/repository/aopalliance/aopalliance/1.0/aopalliance-1.0.jar:/Users/fizkiarditiakusuma/.m2/repository/org/jsoup/jsoup/1.13.1/jsoup-1.13.1.jar:/Users/fizkiarditiakusuma/.m2/repository/com/thoughtworks/xstream/xstream/1.4.17/xstream-1.4.17.jar:/Users/fizkiarditiakusuma/.m2/repository/io/github/x-stream/mxparser/1.2.1/mxparser-1.2.1.jar:/Users/fizkiarditiakusuma/.m2/repository/xmlpull/xmlpull/1.1.3.1/xmlpull-1.1.3.1.jar:/Users/fizkiarditiakusuma/.m2/repository/io/cucumber/cucumber-core/6.10.2/cucumber-core-6.10.2.jar:/Users/fizkiarditiakusuma/.m2/repository/io/cucumber/cucumber-gherkin/6.10.2/cucumber-gherkin-6.10.2.jar:/Users/fizkiarditiakusuma/.m2/repository/io/cucumber/cucumber-gherkin-messages/6.10.2/cucumber-gherkin-messages-6.10.2.jar:/Users/fizkiarditiakusuma/.m2/repository/io/cucumber/messages/14.0.1/messages-14.0.1.jar:/Users/fizkiarditiakusuma/.m2/repository/io/cucumber/tag-expressions/3.0.0/tag-expressions-3.0.0.jar:/Users/fizkiarditiakusuma/.m2/repository/io/cucumber/cucumber-expressions/10.3.0/cucumber-expressions-10.3.0.jar:/Users/fizkiarditiakusuma/.m2/repository/io/cucumber/cucumber-plugin/6.10.2/cucumber-plugin-6.10.2.jar:/Users/fizkiarditiakusuma/.m2/repository/io/cucumber/docstring/6.10.2/docstring-6.10.2.jar:/Users/fizkiarditiakusuma/.m2/repository/io/cucumber/html-formatter/12.0.0/html-formatter-12.0.0.jar:/Users/fizkiarditiakusuma/.m2/repository/io/cucumber/create-meta/3.0.0/create-meta-3.0.0.jar:/Users/fizkiarditiakusuma/.m2/repository/com/typesafe/config/1.3.1/config-1.3.1.jar:/Users/fizkiarditiakusuma/.m2/repository/org/imgscalr/imgscalr-lib/4.2/imgscalr-lib-4.2.jar:/Users/fizkiarditiakusuma/.m2/repository/org/awaitility/awaitility/4.0.3/awaitility-4.0.3.jar:/Users/fizkiarditiakusuma/.m2/repository/org/freemarker/freemarker/2.3.29/freemarker-2.3.29.jar:/Users/fizkiarditiakusuma/.m2/repository/net/sourceforge/jexcelapi/jxl/2.6.12/jxl-2.6.12.jar:/Users/fizkiarditiakusuma/.m2/repository/org/asciidoctor/asciidoctorj/2.5.1/asciidoctorj-2.5.1.jar:/Users/fizkiarditiakusuma/.m2/repository/org/asciidoctor/asciidoctorj-api/2.5.1/asciidoctorj-api-2.5.1.jar:/Users/fizkiarditiakusuma/.m2/repository/org/jruby/jruby/9.2.17.0/jruby-9.2.17.0.jar:/Users/fizkiarditiakusuma/.m2/repository/org/jruby/jruby-core/9.2.17.0/jruby-core-9.2.17.0.jar:/Users/fizkiarditiakusuma/.m2/repository/com/github/jnr/jnr-netdb/1.2.0/jnr-netdb-1.2.0.jar:/Users/fizkiarditiakusuma/.m2/repository/com/github/jnr/jnr-enxio/0.32.3/jnr-enxio-0.32.3.jar:/Users/fizkiarditiakusuma/.m2/repository/com/github/jnr/jnr-unixsocket/0.38.5/jnr-unixsocket-0.38.5.jar:/Users/fizkiarditiakusuma/.m2/repository/com/github/jnr/jnr-posix/3.1.4/jnr-posix-3.1.4.jar:/Users/fizkiarditiakusuma/.m2/repository/com/github/jnr/jnr-constants/0.10.1/jnr-constants-0.10.1.jar:/Users/fizkiarditiakusuma/.m2/repository/com/github/jnr/jffi/1.3.1/jffi-1.3.1.jar:/Users/fizkiarditiakusuma/.m2/repository/com/github/jnr/jffi/1.3.1/jffi-1.3.1-native.jar:/Users/fizkiarditiakusuma/.m2/repository/org/jruby/joni/joni/2.1.31/joni-2.1.31.jar:/Users/fizkiarditiakusuma/.m2/repository/org/jruby/jcodings/jcodings/1.0.46/jcodings-1.0.46.jar:/Users/fizkiarditiakusuma/.m2/repository/org/jruby/dirgra/0.3/dirgra-0.3.jar:/Users/fizkiarditiakusuma/.m2/repository/com/headius/invokebinder/1.11/invokebinder-1.11.jar:/Users/fizkiarditiakusuma/.m2/repository/com/headius/options/1.4/options-1.4.jar:/Users/fizkiarditiakusuma/.m2/repository/com/jcraft/jzlib/1.1.3/jzlib-1.1.3.jar:/Users/fizkiarditiakusuma/.m2/repository/com/martiansoftware/nailgun-server/0.9.1/nailgun-server-0.9.1.jar:/Users/fizkiarditiakusuma/.m2/repository/com/headius/backport9/1.8/backport9-1.8.jar:/Users/fizkiarditiakusuma/.m2/repository/javax/annotation/javax.annotation-api/1.3.1/javax.annotation-api-1.3.1.jar:/Users/fizkiarditiakusuma/.m2/repository/org/jruby/jruby-stdlib/9.2.17.0/jruby-stdlib-9.2.17.0.jar:/Users/fizkiarditiakusuma/.m2/repository/net/bytebuddy/byte-buddy/1.11.1/byte-buddy-1.11.1.jar:/Users/fizkiarditiakusuma/.m2/repository/net/bytebuddy/byte-buddy-agent/1.11.1/byte-buddy-agent-1.11.1.jar:/Users/fizkiarditiakusuma/.m2/repository/org/objenesis/objenesis/3.1/objenesis-3.1.jar:/Users/fizkiarditiakusuma/.m2/repository/net/serenity-bdd/serenity-reports/2.4.51/serenity-reports-2.4.51.jar:/Users/fizkiarditiakusuma/.m2/repository/net/serenity-bdd/serenity-stats/2.4.51/serenity-stats-2.4.51.jar:/Users/fizkiarditiakusuma/.m2/repository/org/jetbrains/kotlin/kotlin-stdlib/1.5.0/kotlin-stdlib-1.5.0.jar:/Users/fizkiarditiakusuma/.m2/repository/org/jetbrains/annotations/13.0/annotations-13.0.jar:/Users/fizkiarditiakusuma/.m2/repository/org/jetbrains/kotlin/kotlin-stdlib-common/1.5.0/kotlin-stdlib-common-1.5.0.jar:/Users/fizkiarditiakusuma/.m2/repository/net/serenity-bdd/serenity-reports-configuration/2.4.51/serenity-reports-configuration-2.4.51.jar:/Users/fizkiarditiakusuma/.m2/repository/com/vladsch/flexmark/flexmark-all/0.34.30/flexmark-all-0.34.30.jar:/Users/fizkiarditiakusuma/.m2/repository/com/vladsch/flexmark/flexmark/0.34.30/flexmark-0.34.30.jar:/Users/fizkiarditiakusuma/.m2/repository/com/vladsch/flexmark/flexmark-ext-abbreviation/0.34.30/flexmark-ext-abbreviation-0.34.30.jar:/Users/fizkiarditiakusuma/.m2/repository/com/vladsch/flexmark/flexmark-ext-admonition/0.34.30/flexmark-ext-admonition-0.34.30.jar:/Users/fizkiarditiakusuma/.m2/repository/com/vladsch/flexmark/flexmark-ext-anchorlink/0.34.30/flexmark-ext-anchorlink-0.34.30.jar:/Users/fizkiarditiakusuma/.m2/repository/com/vladsch/flexmark/flexmark-ext-aside/0.34.30/flexmark-ext-aside-0.34.30.jar:/Users/fizkiarditiakusuma/.m2/repository/com/vladsch/flexmark/flexmark-ext-attributes/0.34.30/flexmark-ext-attributes-0.34.30.jar:/Users/fizkiarditiakusuma/.m2/repository/com/vladsch/flexmark/flexmark-ext-autolink/0.34.30/flexmark-ext-autolink-0.34.30.jar:/Users/fizkiarditiakusuma/.m2/repository/org/nibor/autolink/autolink/0.6.0/autolink-0.6.0.jar:/Users/fizkiarditiakusuma/.m2/repository/com/vladsch/flexmark/flexmark-ext-definition/0.34.30/flexmark-ext-definition-0.34.30.jar:/Users/fizkiarditiakusuma/.m2/repository/com/vladsch/flexmark/flexmark-ext-emoji/0.34.30/flexmark-ext-emoji-0.34.30.jar:/Users/fizkiarditiakusuma/.m2/repository/com/vladsch/flexmark/flexmark-ext-enumerated-reference/0.34.30/flexmark-ext-enumerated-reference-0.34.30.jar:/Users/fizkiarditiakusuma/.m2/repository/com/vladsch/flexmark/flexmark-ext-escaped-character/0.34.30/flexmark-ext-escaped-character-0.34.30.jar:/Users/fizkiarditiakusuma/.m2/repository/com/vladsch/flexmark/flexmark-ext-footnotes/0.34.30/flexmark-ext-footnotes-0.34.30.jar:/Users/fizkiarditiakusuma/.m2/repository/com/vladsch/flexmark/flexmark-ext-gfm-issues/0.34.30/flexmark-ext-gfm-issues-0.34.30.jar:/Users/fizkiarditiakusuma/.m2/repository/com/vladsch/flexmark/flexmark-ext-gfm-strikethrough/0.34.30/flexmark-ext-gfm-strikethrough-0.34.30.jar:/Users/fizkiarditiakusuma/.m2/repository/com/vladsch/flexmark/flexmark-ext-gfm-tables/0.34.30/flexmark-ext-gfm-tables-0.34.30.jar:/Users/fizkiarditiakusuma/.m2/repository/com/vladsch/flexmark/flexmark-ext-gfm-tasklist/0.34.30/flexmark-ext-gfm-tasklist-0.34.30.jar:/Users/fizkiarditiakusuma/.m2/repository/com/vladsch/flexmark/flexmark-ext-gfm-users/0.34.30/flexmark-ext-gfm-users-0.34.30.jar:/Users/fizkiarditiakusuma/.m2/repository/com/vladsch/flexmark/flexmark-ext-gitlab/0.34.30/flexmark-ext-gitlab-0.34.30.jar:/Users/fizkiarditiakusuma/.m2/repository/com/vladsch/flexmark/flexmark-ext-jekyll-front-matter/0.34.30/flexmark-ext-jekyll-front-matter-0.34.30.jar:/Users/fizkiarditiakusuma/.m2/repository/com/vladsch/flexmark/flexmark-ext-jekyll-tag/0.34.30/flexmark-ext-jekyll-tag-0.34.30.jar:/Users/fizkiarditiakusuma/.m2/repository/com/vladsch/flexmark/flexmark-ext-media-tags/0.34.30/flexmark-ext-media-tags-0.34.30.jar:/Users/fizkiarditiakusuma/.m2/repository/com/vladsch/flexmark/flexmark-test-util/0.34.30/flexmark-test-util-0.34.30.jar:/Users/fizkiarditiakusuma/.m2/repository/com/vladsch/flexmark/flexmark-ext-ins/0.34.30/flexmark-ext-ins-0.34.30.jar:/Users/fizkiarditiakusuma/.m2/repository/com/vladsch/flexmark/flexmark-ext-xwiki-macros/0.34.30/flexmark-ext-xwiki-macros-0.34.30.jar:/Users/fizkiarditiakusuma/.m2/repository/com/vladsch/flexmark/flexmark-ext-superscript/0.34.30/flexmark-ext-superscript-0.34.30.jar:/Users/fizkiarditiakusuma/.m2/repository/com/vladsch/flexmark/flexmark-ext-tables/0.34.30/flexmark-ext-tables-0.34.30.jar:/Users/fizkiarditiakusuma/.m2/repository/com/vladsch/flexmark/flexmark-ext-toc/0.34.30/flexmark-ext-toc-0.34.30.jar:/Users/fizkiarditiakusuma/.m2/repository/com/vladsch/flexmark/flexmark-ext-typographic/0.34.30/flexmark-ext-typographic-0.34.30.jar:/Users/fizkiarditiakusuma/.m2/repository/com/vladsch/flexmark/flexmark-ext-wikilink/0.34.30/flexmark-ext-wikilink-0.34.30.jar:/Users/fizkiarditiakusuma/.m2/repository/com/vladsch/flexmark/flexmark-ext-yaml-front-matter/0.34.30/flexmark-ext-yaml-front-matter-0.34.30.jar:/Users/fizkiarditiakusuma/.m2/repository/com/vladsch/flexmark/flexmark-ext-youtube-embedded/0.34.30/flexmark-ext-youtube-embedded-0.34.30.jar:/Users/fizkiarditiakusuma/.m2/repository/com/vladsch/flexmark/flexmark-formatter/0.34.30/flexmark-formatter-0.34.30.jar:/Users/fizkiarditiakusuma/.m2/repository/com/vladsch/flexmark/flexmark-html-parser/0.34.30/flexmark-html-parser-0.34.30.jar:/Users/fizkiarditiakusuma/.m2/repository/com/vladsch/flexmark/flexmark-jira-converter/0.34.30/flexmark-jira-converter-0.34.30.jar:/Users/fizkiarditiakusuma/.m2/repository/com/vladsch/flexmark/flexmark-pdf-converter/0.34.30/flexmark-pdf-converter-0.34.30.jar:/Users/fizkiarditiakusuma/.m2/repository/com/openhtmltopdf/openhtmltopdf-core/0.0.1-RC13/openhtmltopdf-core-0.0.1-RC13.jar:/Users/fizkiarditiakusuma/.m2/repository/com/openhtmltopdf/openhtmltopdf-pdfbox/0.0.1-RC13/openhtmltopdf-pdfbox-0.0.1-RC13.jar:/Users/fizkiarditiakusuma/.m2/repository/org/apache/pdfbox/pdfbox/2.0.8/pdfbox-2.0.8.jar:/Users/fizkiarditiakusuma/.m2/repository/org/apache/pdfbox/fontbox/2.0.8/fontbox-2.0.8.jar:/Users/fizkiarditiakusuma/.m2/repository/org/apache/pdfbox/xmpbox/2.0.8/xmpbox-2.0.8.jar:/Users/fizkiarditiakusuma/.m2/repository/de/rototor/pdfbox/graphics2d/0.12/graphics2d-0.12.jar:/Users/fizkiarditiakusuma/.m2/repository/com/openhtmltopdf/openhtmltopdf-rtl-support/0.0.1-RC13/openhtmltopdf-rtl-support-0.0.1-RC13.jar:/Users/fizkiarditiakusuma/.m2/repository/com/ibm/icu/icu4j/59.1/icu4j-59.1.jar:/Users/fizkiarditiakusuma/.m2/repository/com/openhtmltopdf/openhtmltopdf-jsoup-dom-converter/0.0.1-RC13/openhtmltopdf-jsoup-dom-converter-0.0.1-RC13.jar:/Users/fizkiarditiakusuma/.m2/repository/com/vladsch/flexmark/flexmark-profile-pegdown/0.34.30/flexmark-profile-pegdown-0.34.30.jar:/Users/fizkiarditiakusuma/.m2/repository/com/vladsch/flexmark/flexmark-util/0.34.30/flexmark-util-0.34.30.jar:/Users/fizkiarditiakusuma/.m2/repository/com/vladsch/flexmark/flexmark-youtrack-converter/0.34.30/flexmark-youtrack-converter-0.34.30.jar:/Users/fizkiarditiakusuma/.m2/repository/es/nitaur/markdown/txtmark/0.16/txtmark-0.16.jar:/Users/fizkiarditiakusuma/.m2/repository/net/serenity-bdd/serenity-report-resources/2.4.51/serenity-report-resources-2.4.51.jar:/Users/fizkiarditiakusuma/.m2/repository/com/google/code/gson/gson/2.8.7/gson-2.8.7.jar:/Users/fizkiarditiakusuma/.m2/repository/com/fasterxml/jackson/core/jackson-core/2.12.4/jackson-core-2.12.4.jar:/Users/fizkiarditiakusuma/.m2/repository/com/fasterxml/jackson/core/jackson-databind/2.12.4/jackson-databind-2.12.4.jar:/Users/fizkiarditiakusuma/.m2/repository/com/fasterxml/jackson/core/jackson-annotations/2.12.4/jackson-annotations-2.12.4.jar:/Users/fizkiarditiakusuma/.m2/repository/commons-codec/commons-codec/1.15/commons-codec-1.15.jar:/Users/fizkiarditiakusuma/.m2/repository/commons-io/commons-io/2.8.0/commons-io-2.8.0.jar:/Users/fizkiarditiakusuma/.m2/repository/org/seleniumhq/selenium/selenium-server/3.141.59/selenium-server-3.141.59.jar:/Users/fizkiarditiakusuma/.m2/repository/org/seleniumhq/selenium/selenium-opera-driver/3.141.59/selenium-opera-driver-3.141.59.jar:/Users/fizkiarditiakusuma/.m2/repository/org/seleniumhq/selenium/selenium-remote-driver/3.141.59/selenium-remote-driver-3.141.59.jar:/Users/fizkiarditiakusuma/.m2/repository/org/seleniumhq/selenium/selenium-safari-driver/3.141.59/selenium-safari-driver-3.141.59.jar:/Users/fizkiarditiakusuma/.m2/repository/com/beust/jcommander/1.72/jcommander-1.72.jar:/Users/fizkiarditiakusuma/.m2/repository/org/apache/commons/commons-exec/1.3/commons-exec-1.3.jar:/Users/fizkiarditiakusuma/.m2/repository/net/jcip/jcip-annotations/1.0/jcip-annotations-1.0.jar:/Users/fizkiarditiakusuma/.m2/repository/org/seleniumhq/selenium/jetty-repacked/9.4.12.v20180830/jetty-repacked-9.4.12.v20180830.jar:/Users/fizkiarditiakusuma/.m2/repository/com/squareup/okhttp3/okhttp/3.11.0/okhttp-3.11.0.jar:/Users/fizkiarditiakusuma/.m2/repository/com/squareup/okio/okio/1.14.0/okio-1.14.0.jar:/Users/fizkiarditiakusuma/.m2/repository/javax/servlet/javax.servlet-api/3.1.0/javax.servlet-api-3.1.0.jar:/Users/fizkiarditiakusuma/.m2/repository/org/yaml/snakeyaml/1.19/snakeyaml-1.19.jar:/Users/fizkiarditiakusuma/.m2/repository/org/seleniumhq/selenium/selenium-java/3.141.59/selenium-java-3.141.59.jar:/Users/fizkiarditiakusuma/.m2/repository/org/seleniumhq/selenium/selenium-api/3.141.59/selenium-api-3.141.59.jar:/Users/fizkiarditiakusuma/.m2/repository/org/seleniumhq/selenium/selenium-support/3.141.59/selenium-support-3.141.59.jar:/Users/fizkiarditiakusuma/.m2/repository/org/seleniumhq/selenium/selenium-chrome-driver/3.141.59/selenium-chrome-driver-3.141.59.jar:/Users/fizkiarditiakusuma/.m2/repository/org/seleniumhq/selenium/selenium-firefox-driver/3.141.59/selenium-firefox-driver-3.141.59.jar:/Users/fizkiarditiakusuma/.m2/repository/org/seleniumhq/selenium/selenium-edge-driver/3.141.59/selenium-edge-driver-3.141.59.jar:/Users/fizkiarditiakusuma/.m2/repository/org/seleniumhq/selenium/selenium-ie-driver/3.141.59/selenium-ie-driver-3.141.59.jar:/Users/fizkiarditiakusuma/.m2/repository/net/sourceforge/htmlunit/htmlunit/2.47.1/htmlunit-2.47.1.jar:/Users/fizkiarditiakusuma/.m2/repository/xalan/xalan/2.7.2/xalan-2.7.2.jar:/Users/fizkiarditiakusuma/.m2/repository/xalan/serializer/2.7.2/serializer-2.7.2.jar:/Users/fizkiarditiakusuma/.m2/repository/net/sourceforge/htmlunit/htmlunit-core-js/2.47.0/htmlunit-core-js-2.47.0.jar:/Users/fizkiarditiakusuma/.m2/repository/net/sourceforge/htmlunit/neko-htmlunit/2.47.1/neko-htmlunit-2.47.1.jar:/Users/fizkiarditiakusuma/.m2/repository/xerces/xercesImpl/2.12.0/xercesImpl-2.12.0.jar:/Users/fizkiarditiakusuma/.m2/repository/xml-apis/xml-apis/1.4.01/xml-apis-1.4.01.jar:/Users/fizkiarditiakusuma/.m2/repository/net/sourceforge/htmlunit/htmlunit-cssparser/1.7.0/htmlunit-cssparser-1.7.0.jar:/Users/fizkiarditiakusuma/.m2/repository/org/brotli/dec/0.1.2/dec-0.1.2.jar:/Users/fizkiarditiakusuma/.m2/repository/com/shapesecurity/salvation2/3.0.0/salvation2-3.0.0.jar:/Users/fizkiarditiakusuma/.m2/repository/org/eclipse/jetty/websocket/websocket-client/9.4.36.v20210114/websocket-client-9.4.36.v20210114.jar:/Users/fizkiarditiakusuma/.m2/repository/org/eclipse/jetty/jetty-client/9.4.36.v20210114/jetty-client-9.4.36.v20210114.jar:/Users/fizkiarditiakusuma/.m2/repository/org/eclipse/jetty/jetty-http/9.4.36.v20210114/jetty-http-9.4.36.v20210114.jar:/Users/fizkiarditiakusuma/.m2/repository/org/eclipse/jetty/jetty-util/9.4.36.v20210114/jetty-util-9.4.36.v20210114.jar:/Users/fizkiarditiakusuma/.m2/repository/org/eclipse/jetty/jetty-io/9.4.36.v20210114/jetty-io-9.4.36.v20210114.jar:/Users/fizkiarditiakusuma/.m2/repository/org/eclipse/jetty/websocket/websocket-common/9.4.36.v20210114/websocket-common-9.4.36.v20210114.jar:/Users/fizkiarditiakusuma/.m2/repository/org/eclipse/jetty/websocket/websocket-api/9.4.36.v20210114/websocket-api-9.4.36.v20210114.jar:/Users/fizkiarditiakusuma/.m2/repository/org/projectlombok/lombok/1.18.20/lombok-1.18.20.jar:/Users/fizkiarditiakusuma/.m2/repository/org/seleniumhq/selenium/htmlunit-driver/2.47.1/htmlunit-driver-2.47.1.jar:/Users/fizkiarditiakusuma/.m2/repository/com/codeborne/phantomjsdriver/1.4.4/phantomjsdriver-1.4.4.jar:/Users/fizkiarditiakusuma/.m2/repository/io/appium/java-client/7.5.1/java-client-7.5.1.jar:/Users/fizkiarditiakusuma/.m2/repository/commons-validator/commons-validator/1.7/commons-validator-1.7.jar:/Users/fizkiarditiakusuma/.m2/repository/commons-digester/commons-digester/2.1/commons-digester-2.1.jar:/Users/fizkiarditiakusuma/.m2/repository/org/aspectj/aspectjweaver/1.9.6/aspectjweaver-1.9.6.jar:/Users/fizkiarditiakusuma/.m2/repository/net/sf/opencsv/opencsv/2.0/opencsv-2.0.jar:/Users/fizkiarditiakusuma/.m2/repository/commons-beanutils/commons-beanutils/1.9.4/commons-beanutils-1.9.4.jar:/Users/fizkiarditiakusuma/.m2/repository/org/apache/commons/commons-lang3/3.11/commons-lang3-3.11.jar:/Users/fizkiarditiakusuma/.m2/repository/commons-collections/commons-collections/3.2.2/commons-collections-3.2.2.jar:/Users/fizkiarditiakusuma/.m2/repository/org/fluentlenium/fluentlenium-core/0.10.2/fluentlenium-core-0.10.2.jar:/Users/fizkiarditiakusuma/.m2/repository/io/github/bonigarcia/webdrivermanager/4.4.1/webdrivermanager-4.4.1.jar:/Users/fizkiarditiakusuma/.m2/repository/org/apache/httpcomponents/client5/httpclient5/5.0.3/httpclient5-5.0.3.jar:/Users/fizkiarditiakusuma/.m2/repository/org/apache/httpcomponents/core5/httpcore5/5.0.2/httpcore5-5.0.2.jar:/Users/fizkiarditiakusuma/.m2/repository/org/apache/httpcomponents/core5/httpcore5-h2/5.0.2/httpcore5-h2-5.0.2.jar:/Users/fizkiarditiakusuma/.m2/repository/org/rauschig/jarchivelib/1.1.0/jarchivelib-1.1.0.jar:/Users/fizkiarditiakusuma/.m2/repository/org/apache/commons/commons-compress/1.20/commons-compress-1.20.jar:/Users/fizkiarditiakusuma/.m2/repository/com/jhlabs/filters/2.0.235/filters-2.0.235.jar:/Users/fizkiarditiakusuma/.m2/repository/com/paulhammant/ngwebdriver/1.1.5/ngwebdriver-1.1.5.jar:/Users/fizkiarditiakusuma/.m2/repository/joda-time/joda-time/2.8.2/joda-time-2.8.2.jar:/Users/fizkiarditiakusuma/.m2/repository/com/google/jimfs/jimfs/1.1/jimfs-1.1.jar:/Users/fizkiarditiakusuma/.m2/repository/org/mockito/mockito-core/3.3.3/mockito-core-3.3.3.jar:/Users/fizkiarditiakusuma/.m2/repository/javax/xml/bind/jaxb-api/2.3.1/jaxb-api-2.3.1.jar:/Users/fizkiarditiakusuma/.m2/repository/javax/activation/javax.activation-api/1.2.0/javax.activation-api-1.2.0.jar:/Users/fizkiarditiakusuma/.m2/repository/com/sun/xml/bind/jaxb-core/2.3.0.1/jaxb-core-2.3.0.1.jar:/Users/fizkiarditiakusuma/.m2/repository/com/sun/xml/bind/jaxb-impl/2.3.3/jaxb-impl-2.3.3.jar:/Users/fizkiarditiakusuma/.m2/repository/com/sun/activation/jakarta.activation/1.2.2/jakarta.activation-1.2.2.jar:/Users/fizkiarditiakusuma/.m2/repository/javax/activation/activation/1.1.1/activation-1.1.1.jar:/Users/fizkiarditiakusuma/.m2/repository/net/serenity-bdd/serenity-junit/2.4.51/serenity-junit-2.4.51.jar:/Users/fizkiarditiakusuma/.m2/repository/net/serenity-bdd/serenity-rest-assured/2.4.51/serenity-rest-assured-2.4.51.jar:/Users/fizkiarditiakusuma/.m2/repository/org/codehaus/groovy/groovy-json/3.0.8/groovy-json-3.0.8.jar:/Users/fizkiarditiakusuma/.m2/repository/org/opentest4j/opentest4j/1.2.0/opentest4j-1.2.0.jar:/Users/fizkiarditiakusuma/.m2/repository/net/serenity-bdd/serenity-screenplay/2.4.51/serenity-screenplay-2.4.51.jar:/Users/fizkiarditiakusuma/.m2/repository/net/serenity-bdd/serenity-screenplay-rest/2.4.51/serenity-screenplay-rest-2.4.51.jar:/Users/fizkiarditiakusuma/.m2/repository/net/serenity-bdd/serenity-cucumber6/2.4.51/serenity-cucumber6-2.4.51.jar:/Users/fizkiarditiakusuma/.m2/repository/net/serenity-bdd/serenity-screenplay-webdriver/2.4.51/serenity-screenplay-webdriver-2.4.51.jar:/Users/fizkiarditiakusuma/.m2/repository/io/cucumber/cucumber-java/6.10.4/cucumber-java-6.10.4.jar:/Users/fizkiarditiakusuma/.m2/repository/org/apiguardian/apiguardian-api/1.1.1/apiguardian-api-1.1.1.jar:/Users/fizkiarditiakusuma/.m2/repository/io/cucumber/cucumber-junit/6.10.4/cucumber-junit-6.10.4.jar:/Users/fizkiarditiakusuma/.m2/repository/io/cucumber/datatable-matchers/3.4.0/datatable-matchers-3.4.0.jar:/Users/fizkiarditiakusuma/.m2/repository/io/cucumber/datatable/3.4.0/datatable-3.4.0.jar:/Users/fizkiarditiakusuma/.m2/repository/commons-logging/commons-logging/1.2/commons-logging-1.2.jar:/Users/fizkiarditiakusuma/.m2/repository/org/apache/commons/commons-csv/1.5/commons-csv-1.5.jar:/Users/fizkiarditiakusuma/.m2/repository/io/rest-assured/rest-assured/4.3.2/rest-assured-4.3.2.jar:/Users/fizkiarditiakusuma/.m2/repository/org/apache/httpcomponents/httpclient/4.5.3/httpclient-4.5.3.jar:/Users/fizkiarditiakusuma/.m2/repository/org/apache/httpcomponents/httpcore/4.4.6/httpcore-4.4.6.jar:/Users/fizkiarditiakusuma/.m2/repository/org/apache/httpcomponents/httpmime/4.5.3/httpmime-4.5.3.jar:/Users/fizkiarditiakusuma/.m2/repository/org/ccil/cowan/tagsoup/tagsoup/1.2.1/tagsoup-1.2.1.jar:/Users/fizkiarditiakusuma/.m2/repository/io/rest-assured/json-path/4.3.3/json-path-4.3.3.jar:/Users/fizkiarditiakusuma/.m2/repository/io/rest-assured/rest-assured-common/4.3.3/rest-assured-common-4.3.3.jar:/Users/fizkiarditiakusuma/.m2/repository/io/rest-assured/xml-path/4.3.3/xml-path-4.3.3.jar:/Users/fizkiarditiakusuma/.m2/repository/jakarta/xml/bind/jakarta.xml.bind-api/2.3.3/jakarta.xml.bind-api-2.3.3.jar:/Users/fizkiarditiakusuma/.m2/repository/jakarta/activation/jakarta.activation-api/1.2.2/jakarta.activation-api-1.2.2.jar:/Users/fizkiarditiakusuma/.m2/repository/org/codehaus/groovy/groovy/3.0.6/groovy-3.0.6.jar:/Users/fizkiarditiakusuma/.m2/repository/org/codehaus/groovy/groovy-xml/3.0.6/groovy-xml-3.0.6.jar:/Users/fizkiarditiakusuma/.m2/repository/junit/junit/4.13.1/junit-4.13.1.jar:/Users/fizkiarditiakusuma/.m2/repository/org/hamcrest/hamcrest-core/1.3/hamcrest-core-1.3.jar:/Users/fizkiarditiakusuma/.m2/repository/org/assertj/assertj-core/3.6.2/assertj-core-3.6.2.jar:/Users/fizkiarditiakusuma/.m2/repository/org/hamcrest/hamcrest/2.2/hamcrest-2.2.jar:/Users/fizkiarditiakusuma/.m2/repository/io/rest-assured/json-schema-validator/5.2.0/json-schema-validator-5.2.0.jar:/Users/fizkiarditiakusuma/.m2/repository/com/github/java-json-tools/json-schema-validator/2.2.14/json-schema-validator-2.2.14.jar:/Users/fizkiarditiakusuma/.m2/repository/com/github/java-json-tools/jackson-coreutils-equivalence/1.0/jackson-coreutils-equivalence-1.0.jar:/Users/fizkiarditiakusuma/.m2/repository/com/github/java-json-tools/jackson-coreutils/2.0/jackson-coreutils-2.0.jar:/Users/fizkiarditiakusuma/.m2/repository/com/github/java-json-tools/msg-simple/1.2/msg-simple-1.2.jar:/Users/fizkiarditiakusuma/.m2/repository/com/github/java-json-tools/btf/1.3/btf-1.3.jar:/Users/fizkiarditiakusuma/.m2/repository/com/github/java-json-tools/json-schema-core/1.2.14/json-schema-core-1.2.14.jar:/Users/fizkiarditiakusuma/.m2/repository/com/github/java-json-tools/uri-template/0.10/uri-template-0.10.jar:/Users/fizkiarditiakusuma/.m2/repository/org/mozilla/rhino/1.7.7.2/rhino-1.7.7.2.jar:/Users/fizkiarditiakusuma/.m2/repository/com/sun/mail/mailapi/1.6.2/mailapi-1.6.2.jar:/Users/fizkiarditiakusuma/.m2/repository/com/googlecode/libphonenumber/libphonenumber/8.11.1/libphonenumber-8.11.1.jar:/Users/fizkiarditiakusuma/.m2/repository/com/google/code/findbugs/jsr305/3.0.2/jsr305-3.0.2.jar:/Users/fizkiarditiakusuma/.m2/repository/net/sf/jopt-simple/jopt-simple/5.0.4/jopt-simple-5.0.4.jar:"/>
    <property name="sun.cpu.endian" value="little"/>
    <property name="user.home" value="/Users/fizkiarditiakusuma"/>
    <property name="user.language" value="en"/>
    <property name="java.specification.vendor" value="Oracle Corporation"/>
    <property name="jdk.module.path" value="/Users/fizkiarditiakusuma/Downloads/Reqres-API/target/serenity-rest-starter-1.0.0-SNAPSHOT.jar"/>
    <property name="java.version.date" value="2023-07-18"/>
    <property name="java.home" value="/Library/Java/JavaVirtualMachines/temurin-17.jdk/Contents/Home"/>
    <property name="file.separator" value="/"/>
    <property name="basedir" value="/Users/fizkiarditiakusuma/Downloads/Reqres-API"/>
    <property name="java.vm.compressedOopsMode" value="Zero based"/>
    <property name="line.separator" value="&#10;"/>
    <property name="java.vm.specification.vendor" value="Oracle Corporation"/>
    <property name="java.specification.name" value="Java Platform API Specification"/>
    <property name="surefire.real.class.path" value="/Users/fizkiarditiakusuma/.m2/repository/org/apache/maven/surefire/surefire-booter/3.0.0-M5/surefire-booter-3.0.0-M5.jar:/Users/fizkiarditiakusuma/.m2/repository/org/apache/maven/surefire/surefire-api/3.0.0-M5/surefire-api-3.0.0-M5.jar:/Users/fizkiarditiakusuma/.m2/repository/org/apache/maven/surefire/surefire-logger-api/3.0.0-M5/surefire-logger-api-3.0.0-M5.jar:/Users/fizkiarditiakusuma/.m2/repository/org/apache/maven/surefire/surefire-shared-utils/3.0.0-M4/surefire-shared-utils-3.0.0-M4.jar:/Users/fizkiarditiakusuma/.m2/repository/org/apache/maven/surefire/surefire-extensions-spi/3.0.0-M5/surefire-extensions-spi-3.0.0-M5.jar:/Users/fizkiarditiakusuma/Downloads/Reqres-API/target/test-classes:/Users/fizkiarditiakusuma/.m2/repository/ch/qos/logback/logback-classic/1.2.3/logback-classic-1.2.3.jar:/Users/fizkiarditiakusuma/.m2/repository/ch/qos/logback/logback-core/1.2.3/logback-core-1.2.3.jar:/Users/fizkiarditiakusuma/.m2/repository/org/slf4j/slf4j-api/1.7.25/slf4j-api-1.7.25.jar:/Users/fizkiarditiakusuma/.m2/repository/net/serenity-bdd/serenity-core/2.4.51/serenity-core-2.4.51.jar:/Users/fizkiarditiakusuma/.m2/repository/net/serenity-bdd/serenity-model/2.4.51/serenity-model-2.4.51.jar:/Users/fizkiarditiakusuma/.m2/repository/org/apache/commons/commons-text/1.9/commons-text-1.9.jar:/Users/fizkiarditiakusuma/.m2/repository/commons-net/commons-net/3.6/commons-net-3.6.jar:/Users/fizkiarditiakusuma/.m2/repository/com/google/guava/guava/30.1-jre/guava-30.1-jre.jar:/Users/fizkiarditiakusuma/.m2/repository/com/google/guava/failureaccess/1.0.1/failureaccess-1.0.1.jar:/Users/fizkiarditiakusuma/.m2/repository/com/google/guava/listenablefuture/9999.0-empty-to-avoid-conflict-with-guava/listenablefuture-9999.0-empty-to-avoid-conflict-with-guava.jar:/Users/fizkiarditiakusuma/.m2/repository/org/checkerframework/checker-qual/3.5.0/checker-qual-3.5.0.jar:/Users/fizkiarditiakusuma/.m2/repository/com/google/errorprone/error_prone_annotations/2.3.4/error_prone_annotations-2.3.4.jar:/Users/fizkiarditiakusuma/.m2/repository/com/google/j2objc/j2objc-annotations/1.3/j2objc-annotations-1.3.jar:/Users/fizkiarditiakusuma/.m2/repository/com/google/inject/guice/5.0.1/guice-5.0.1.jar:/Users/fizkiarditiakusuma/.m2/repository/javax/inject/javax.inject/1/javax.inject-1.jar:/Users/fizkiarditiakusuma/.m2/repository/aopalliance/aopalliance/1.0/aopalliance-1.0.jar:/Users/fizkiarditiakusuma/.m2/repository/org/jsoup/jsoup/1.13.1/jsoup-1.13.1.jar:/Users/fizkiarditiakusuma/.m2/repository/com/thoughtworks/xstream/xstream/1.4.17/xstream-1.4.17.jar:/Users/fizkiarditiakusuma/.m2/repository/io/github/x-stream/mxparser/1.2.1/mxparser-1.2.1.jar:/Users/fizkiarditiakusuma/.m2/repository/xmlpull/xmlpull/1.1.3.1/xmlpull-1.1.3.1.jar:/Users/fizkiarditiakusuma/.m2/repository/io/cucumber/cucumber-core/6.10.2/cucumber-core-6.10.2.jar:/Users/fizkiarditiakusuma/.m2/repository/io/cucumber/cucumber-gherkin/6.10.2/cucumber-gherkin-6.10.2.jar:/Users/fizkiarditiakusuma/.m2/repository/io/cucumber/cucumber-gherkin-messages/6.10.2/cucumber-gherkin-messages-6.10.2.jar:/Users/fizkiarditiakusuma/.m2/repository/io/cucumber/messages/14.0.1/messages-14.0.1.jar:/Users/fizkiarditiakusuma/.m2/repository/io/cucumber/tag-expressions/3.0.0/tag-expressions-3.0.0.jar:/Users/fizkiarditiakusuma/.m2/repository/io/cucumber/cucumber-expressions/10.3.0/cucumber-expressions-10.3.0.jar:/Users/fizkiarditiakusuma/.m2/repository/io/cucumber/cucumber-plugin/6.10.2/cucumber-plugin-6.10.2.jar:/Users/fizkiarditiakusuma/.m2/repository/io/cucumber/docstring/6.10.2/docstring-6.10.2.jar:/Users/fizkiarditiakusuma/.m2/repository/io/cucumber/html-formatter/12.0.0/html-formatter-12.0.0.jar:/Users/fizkiarditiakusuma/.m2/repository/io/cucumber/create-meta/3.0.0/create-meta-3.0.0.jar:/Users/fizkiarditiakusuma/.m2/repository/com/typesafe/config/1.3.1/config-1.3.1.jar:/Users/fizkiarditiakusuma/.m2/repository/org/imgscalr/imgscalr-lib/4.2/imgscalr-lib-4.2.jar:/Users/fizkiarditiakusuma/.m2/repository/org/awaitility/awaitility/4.0.3/awaitility-4.0.3.jar:/Users/fizkiarditiakusuma/.m2/repository/org/freemarker/freemarker/2.3.29/freemarker-2.3.29.jar:/Users/fizkiarditiakusuma/.m2/repository/net/sourceforge/jexcelapi/jxl/2.6.12/jxl-2.6.12.jar:/Users/fizkiarditiakusuma/.m2/repository/org/asciidoctor/asciidoctorj/2.5.1/asciidoctorj-2.5.1.jar:/Users/fizkiarditiakusuma/.m2/repository/org/asciidoctor/asciidoctorj-api/2.5.1/asciidoctorj-api-2.5.1.jar:/Users/fizkiarditiakusuma/.m2/repository/org/jruby/jruby/9.2.17.0/jruby-9.2.17.0.jar:/Users/fizkiarditiakusuma/.m2/repository/org/jruby/jruby-core/9.2.17.0/jruby-core-9.2.17.0.jar:/Users/fizkiarditiakusuma/.m2/repository/com/github/jnr/jnr-netdb/1.2.0/jnr-netdb-1.2.0.jar:/Users/fizkiarditiakusuma/.m2/repository/com/github/jnr/jnr-enxio/0.32.3/jnr-enxio-0.32.3.jar:/Users/fizkiarditiakusuma/.m2/repository/com/github/jnr/jnr-unixsocket/0.38.5/jnr-unixsocket-0.38.5.jar:/Users/fizkiarditiakusuma/.m2/repository/com/github/jnr/jnr-posix/3.1.4/jnr-posix-3.1.4.jar:/Users/fizkiarditiakusuma/.m2/repository/com/github/jnr/jnr-constants/0.10.1/jnr-constants-0.10.1.jar:/Users/fizkiarditiakusuma/.m2/repository/com/github/jnr/jffi/1.3.1/jffi-1.3.1.jar:/Users/fizkiarditiakusuma/.m2/repository/com/github/jnr/jffi/1.3.1/jffi-1.3.1-native.jar:/Users/fizkiarditiakusuma/.m2/repository/org/jruby/joni/joni/2.1.31/joni-2.1.31.jar:/Users/fizkiarditiakusuma/.m2/repository/org/jruby/jcodings/jcodings/1.0.46/jcodings-1.0.46.jar:/Users/fizkiarditiakusuma/.m2/repository/org/jruby/dirgra/0.3/dirgra-0.3.jar:/Users/fizkiarditiakusuma/.m2/repository/com/headius/invokebinder/1.11/invokebinder-1.11.jar:/Users/fizkiarditiakusuma/.m2/repository/com/headius/options/1.4/options-1.4.jar:/Users/fizkiarditiakusuma/.m2/repository/com/jcraft/jzlib/1.1.3/jzlib-1.1.3.jar:/Users/fizkiarditiakusuma/.m2/repository/com/martiansoftware/nailgun-server/0.9.1/nailgun-server-0.9.1.jar:/Users/fizkiarditiakusuma/.m2/repository/com/headius/backport9/1.8/backport9-1.8.jar:/Users/fizkiarditiakusuma/.m2/repository/javax/annotation/javax.annotation-api/1.3.1/javax.annotation-api-1.3.1.jar:/Users/fizkiarditiakusuma/.m2/repository/org/jruby/jruby-stdlib/9.2.17.0/jruby-stdlib-9.2.17.0.jar:/Users/fizkiarditiakusuma/.m2/repository/net/bytebuddy/byte-buddy/1.11.1/byte-buddy-1.11.1.jar:/Users/fizkiarditiakusuma/.m2/repository/net/bytebuddy/byte-buddy-agent/1.11.1/byte-buddy-agent-1.11.1.jar:/Users/fizkiarditiakusuma/.m2/repository/org/objenesis/objenesis/3.1/objenesis-3.1.jar:/Users/fizkiarditiakusuma/.m2/repository/net/serenity-bdd/serenity-reports/2.4.51/serenity-reports-2.4.51.jar:/Users/fizkiarditiakusuma/.m2/repository/net/serenity-bdd/serenity-stats/2.4.51/serenity-stats-2.4.51.jar:/Users/fizkiarditiakusuma/.m2/repository/org/jetbrains/kotlin/kotlin-stdlib/1.5.0/kotlin-stdlib-1.5.0.jar:/Users/fizkiarditiakusuma/.m2/repository/org/jetbrains/annotations/13.0/annotations-13.0.jar:/Users/fizkiarditiakusuma/.m2/repository/org/jetbrains/kotlin/kotlin-stdlib-common/1.5.0/kotlin-stdlib-common-1.5.0.jar:/Users/fizkiarditiakusuma/.m2/repository/net/serenity-bdd/serenity-reports-configuration/2.4.51/serenity-reports-configuration-2.4.51.jar:/Users/fizkiarditiakusuma/.m2/repository/com/vladsch/flexmark/flexmark-all/0.34.30/flexmark-all-0.34.30.jar:/Users/fizkiarditiakusuma/.m2/repository/com/vladsch/flexmark/flexmark/0.34.30/flexmark-0.34.30.jar:/Users/fizkiarditiakusuma/.m2/repository/com/vladsch/flexmark/flexmark-ext-abbreviation/0.34.30/flexmark-ext-abbreviation-0.34.30.jar:/Users/fizkiarditiakusuma/.m2/repository/com/vladsch/flexmark/flexmark-ext-admonition/0.34.30/flexmark-ext-admonition-0.34.30.jar:/Users/fizkiarditiakusuma/.m2/repository/com/vladsch/flexmark/flexmark-ext-anchorlink/0.34.30/flexmark-ext-anchorlink-0.34.30.jar:/Users/fizkiarditiakusuma/.m2/repository/com/vladsch/flexmark/flexmark-ext-aside/0.34.30/flexmark-ext-aside-0.34.30.jar:/Users/fizkiarditiakusuma/.m2/repository/com/vladsch/flexmark/flexmark-ext-attributes/0.34.30/flexmark-ext-attributes-0.34.30.jar:/Users/fizkiarditiakusuma/.m2/repository/com/vladsch/flexmark/flexmark-ext-autolink/0.34.30/flexmark-ext-autolink-0.34.30.jar:/Users/fizkiarditiakusuma/.m2/repository/org/nibor/autolink/autolink/0.6.0/autolink-0.6.0.jar:/Users/fizkiarditiakusuma/.m2/repository/com/vladsch/flexmark/flexmark-ext-definition/0.34.30/flexmark-ext-definition-0.34.30.jar:/Users/fizkiarditiakusuma/.m2/repository/com/vladsch/flexmark/flexmark-ext-emoji/0.34.30/flexmark-ext-emoji-0.34.30.jar:/Users/fizkiarditiakusuma/.m2/repository/com/vladsch/flexmark/flexmark-ext-enumerated-reference/0.34.30/flexmark-ext-enumerated-reference-0.34.30.jar:/Users/fizkiarditiakusuma/.m2/repository/com/vladsch/flexmark/flexmark-ext-escaped-character/0.34.30/flexmark-ext-escaped-character-0.34.30.jar:/Users/fizkiarditiakusuma/.m2/repository/com/vladsch/flexmark/flexmark-ext-footnotes/0.34.30/flexmark-ext-footnotes-0.34.30.jar:/Users/fizkiarditiakusuma/.m2/repository/com/vladsch/flexmark/flexmark-ext-gfm-issues/0.34.30/flexmark-ext-gfm-issues-0.34.30.jar:/Users/fizkiarditiakusuma/.m2/repository/com/vladsch/flexmark/flexmark-ext-gfm-strikethrough/0.34.30/flexmark-ext-gfm-strikethrough-0.34.30.jar:/Users/fizkiarditiakusuma/.m2/repository/com/vladsch/flexmark/flexmark-ext-gfm-tables/0.34.30/flexmark-ext-gfm-tables-0.34.30.jar:/Users/fizkiarditiakusuma/.m2/repository/com/vladsch/flexmark/flexmark-ext-gfm-tasklist/0.34.30/flexmark-ext-gfm-tasklist-0.34.30.jar:/Users/fizkiarditiakusuma/.m2/repository/com/vladsch/flexmark/flexmark-ext-gfm-users/0.34.30/flexmark-ext-gfm-users-0.34.30.jar:/Users/fizkiarditiakusuma/.m2/repository/com/vladsch/flexmark/flexmark-ext-gitlab/0.34.30/flexmark-ext-gitlab-0.34.30.jar:/Users/fizkiarditiakusuma/.m2/repository/com/vladsch/flexmark/flexmark-ext-jekyll-front-matter/0.34.30/flexmark-ext-jekyll-front-matter-0.34.30.jar:/Users/fizkiarditiakusuma/.m2/repository/com/vladsch/flexmark/flexmark-ext-jekyll-tag/0.34.30/flexmark-ext-jekyll-tag-0.34.30.jar:/Users/fizkiarditiakusuma/.m2/repository/com/vladsch/flexmark/flexmark-ext-media-tags/0.34.30/flexmark-ext-media-tags-0.34.30.jar:/Users/fizkiarditiakusuma/.m2/repository/com/vladsch/flexmark/flexmark-test-util/0.34.30/flexmark-test-util-0.34.30.jar:/Users/fizkiarditiakusuma/.m2/repository/com/vladsch/flexmark/flexmark-ext-ins/0.34.30/flexmark-ext-ins-0.34.30.jar:/Users/fizkiarditiakusuma/.m2/repository/com/vladsch/flexmark/flexmark-ext-xwiki-macros/0.34.30/flexmark-ext-xwiki-macros-0.34.30.jar:/Users/fizkiarditiakusuma/.m2/repository/com/vladsch/flexmark/flexmark-ext-superscript/0.34.30/flexmark-ext-superscript-0.34.30.jar:/Users/fizkiarditiakusuma/.m2/repository/com/vladsch/flexmark/flexmark-ext-tables/0.34.30/flexmark-ext-tables-0.34.30.jar:/Users/fizkiarditiakusuma/.m2/repository/com/vladsch/flexmark/flexmark-ext-toc/0.34.30/flexmark-ext-toc-0.34.30.jar:/Users/fizkiarditiakusuma/.m2/repository/com/vladsch/flexmark/flexmark-ext-typographic/0.34.30/flexmark-ext-typographic-0.34.30.jar:/Users/fizkiarditiakusuma/.m2/repository/com/vladsch/flexmark/flexmark-ext-wikilink/0.34.30/flexmark-ext-wikilink-0.34.30.jar:/Users/fizkiarditiakusuma/.m2/repository/com/vladsch/flexmark/flexmark-ext-yaml-front-matter/0.34.30/flexmark-ext-yaml-front-matter-0.34.30.jar:/Users/fizkiarditiakusuma/.m2/repository/com/vladsch/flexmark/flexmark-ext-youtube-embedded/0.34.30/flexmark-ext-youtube-embedded-0.34.30.jar:/Users/fizkiarditiakusuma/.m2/repository/com/vladsch/flexmark/flexmark-formatter/0.34.30/flexmark-formatter-0.34.30.jar:/Users/fizkiarditiakusuma/.m2/repository/com/vladsch/flexmark/flexmark-html-parser/0.34.30/flexmark-html-parser-0.34.30.jar:/Users/fizkiarditiakusuma/.m2/repository/com/vladsch/flexmark/flexmark-jira-converter/0.34.30/flexmark-jira-converter-0.34.30.jar:/Users/fizkiarditiakusuma/.m2/repository/com/vladsch/flexmark/flexmark-pdf-converter/0.34.30/flexmark-pdf-converter-0.34.30.jar:/Users/fizkiarditiakusuma/.m2/repository/com/openhtmltopdf/openhtmltopdf-core/0.0.1-RC13/openhtmltopdf-core-0.0.1-RC13.jar:/Users/fizkiarditiakusuma/.m2/repository/com/openhtmltopdf/openhtmltopdf-pdfbox/0.0.1-RC13/openhtmltopdf-pdfbox-0.0.1-RC13.jar:/Users/fizkiarditiakusuma/.m2/repository/org/apache/pdfbox/pdfbox/2.0.8/pdfbox-2.0.8.jar:/Users/fizkiarditiakusuma/.m2/repository/org/apache/pdfbox/fontbox/2.0.8/fontbox-2.0.8.jar:/Users/fizkiarditiakusuma/.m2/repository/org/apache/pdfbox/xmpbox/2.0.8/xmpbox-2.0.8.jar:/Users/fizkiarditiakusuma/.m2/repository/de/rototor/pdfbox/graphics2d/0.12/graphics2d-0.12.jar:/Users/fizkiarditiakusuma/.m2/repository/com/openhtmltopdf/openhtmltopdf-rtl-support/0.0.1-RC13/openhtmltopdf-rtl-support-0.0.1-RC13.jar:/Users/fizkiarditiakusuma/.m2/repository/com/ibm/icu/icu4j/59.1/icu4j-59.1.jar:/Users/fizkiarditiakusuma/.m2/repository/com/openhtmltopdf/openhtmltopdf-jsoup-dom-converter/0.0.1-RC13/openhtmltopdf-jsoup-dom-converter-0.0.1-RC13.jar:/Users/fizkiarditiakusuma/.m2/repository/com/vladsch/flexmark/flexmark-profile-pegdown/0.34.30/flexmark-profile-pegdown-0.34.30.jar:/Users/fizkiarditiakusuma/.m2/repository/com/vladsch/flexmark/flexmark-util/0.34.30/flexmark-util-0.34.30.jar:/Users/fizkiarditiakusuma/.m2/repository/com/vladsch/flexmark/flexmark-youtrack-converter/0.34.30/flexmark-youtrack-converter-0.34.30.jar:/Users/fizkiarditiakusuma/.m2/repository/es/nitaur/markdown/txtmark/0.16/txtmark-0.16.jar:/Users/fizkiarditiakusuma/.m2/repository/net/serenity-bdd/serenity-report-resources/2.4.51/serenity-report-resources-2.4.51.jar:/Users/fizkiarditiakusuma/.m2/repository/com/google/code/gson/gson/2.8.7/gson-2.8.7.jar:/Users/fizkiarditiakusuma/.m2/repository/com/fasterxml/jackson/core/jackson-core/2.12.4/jackson-core-2.12.4.jar:/Users/fizkiarditiakusuma/.m2/repository/com/fasterxml/jackson/core/jackson-databind/2.12.4/jackson-databind-2.12.4.jar:/Users/fizkiarditiakusuma/.m2/repository/com/fasterxml/jackson/core/jackson-annotations/2.12.4/jackson-annotations-2.12.4.jar:/Users/fizkiarditiakusuma/.m2/repository/commons-codec/commons-codec/1.15/commons-codec-1.15.jar:/Users/fizkiarditiakusuma/.m2/repository/commons-io/commons-io/2.8.0/commons-io-2.8.0.jar:/Users/fizkiarditiakusuma/.m2/repository/org/seleniumhq/selenium/selenium-server/3.141.59/selenium-server-3.141.59.jar:/Users/fizkiarditiakusuma/.m2/repository/org/seleniumhq/selenium/selenium-opera-driver/3.141.59/selenium-opera-driver-3.141.59.jar:/Users/fizkiarditiakusuma/.m2/repository/org/seleniumhq/selenium/selenium-remote-driver/3.141.59/selenium-remote-driver-3.141.59.jar:/Users/fizkiarditiakusuma/.m2/repository/org/seleniumhq/selenium/selenium-safari-driver/3.141.59/selenium-safari-driver-3.141.59.jar:/Users/fizkiarditiakusuma/.m2/repository/com/beust/jcommander/1.72/jcommander-1.72.jar:/Users/fizkiarditiakusuma/.m2/repository/org/apache/commons/commons-exec/1.3/commons-exec-1.3.jar:/Users/fizkiarditiakusuma/.m2/repository/net/jcip/jcip-annotations/1.0/jcip-annotations-1.0.jar:/Users/fizkiarditiakusuma/.m2/repository/org/seleniumhq/selenium/jetty-repacked/9.4.12.v20180830/jetty-repacked-9.4.12.v20180830.jar:/Users/fizkiarditiakusuma/.m2/repository/com/squareup/okhttp3/okhttp/3.11.0/okhttp-3.11.0.jar:/Users/fizkiarditiakusuma/.m2/repository/com/squareup/okio/okio/1.14.0/okio-1.14.0.jar:/Users/fizkiarditiakusuma/.m2/repository/javax/servlet/javax.servlet-api/3.1.0/javax.servlet-api-3.1.0.jar:/Users/fizkiarditiakusuma/.m2/repository/org/yaml/snakeyaml/1.19/snakeyaml-1.19.jar:/Users/fizkiarditiakusuma/.m2/repository/org/seleniumhq/selenium/selenium-java/3.141.59/selenium-java-3.141.59.jar:/Users/fizkiarditiakusuma/.m2/repository/org/seleniumhq/selenium/selenium-api/3.141.59/selenium-api-3.141.59.jar:/Users/fizkiarditiakusuma/.m2/repository/org/seleniumhq/selenium/selenium-support/3.141.59/selenium-support-3.141.59.jar:/Users/fizkiarditiakusuma/.m2/repository/org/seleniumhq/selenium/selenium-chrome-driver/3.141.59/selenium-chrome-driver-3.141.59.jar:/Users/fizkiarditiakusuma/.m2/repository/org/seleniumhq/selenium/selenium-firefox-driver/3.141.59/selenium-firefox-driver-3.141.59.jar:/Users/fizkiarditiakusuma/.m2/repository/org/seleniumhq/selenium/selenium-edge-driver/3.141.59/selenium-edge-driver-3.141.59.jar:/Users/fizkiarditiakusuma/.m2/repository/org/seleniumhq/selenium/selenium-ie-driver/3.141.59/selenium-ie-driver-3.141.59.jar:/Users/fizkiarditiakusuma/.m2/repository/net/sourceforge/htmlunit/htmlunit/2.47.1/htmlunit-2.47.1.jar:/Users/fizkiarditiakusuma/.m2/repository/xalan/xalan/2.7.2/xalan-2.7.2.jar:/Users/fizkiarditiakusuma/.m2/repository/xalan/serializer/2.7.2/serializer-2.7.2.jar:/Users/fizkiarditiakusuma/.m2/repository/net/sourceforge/htmlunit/htmlunit-core-js/2.47.0/htmlunit-core-js-2.47.0.jar:/Users/fizkiarditiakusuma/.m2/repository/net/sourceforge/htmlunit/neko-htmlunit/2.47.1/neko-htmlunit-2.47.1.jar:/Users/fizkiarditiakusuma/.m2/repository/xerces/xercesImpl/2.12.0/xercesImpl-2.12.0.jar:/Users/fizkiarditiakusuma/.m2/repository/xml-apis/xml-apis/1.4.01/xml-apis-1.4.01.jar:/Users/fizkiarditiakusuma/.m2/repository/net/sourceforge/htmlunit/htmlunit-cssparser/1.7.0/htmlunit-cssparser-1.7.0.jar:/Users/fizkiarditiakusuma/.m2/repository/org/brotli/dec/0.1.2/dec-0.1.2.jar:/Users/fizkiarditiakusuma/.m2/repository/com/shapesecurity/salvation2/3.0.0/salvation2-3.0.0.jar:/Users/fizkiarditiakusuma/.m2/repository/org/eclipse/jetty/websocket/websocket-client/9.4.36.v20210114/websocket-client-9.4.36.v20210114.jar:/Users/fizkiarditiakusuma/.m2/repository/org/eclipse/jetty/jetty-client/9.4.36.v20210114/jetty-client-9.4.36.v20210114.jar:/Users/fizkiarditiakusuma/.m2/repository/org/eclipse/jetty/jetty-http/9.4.36.v20210114/jetty-http-9.4.36.v20210114.jar:/Users/fizkiarditiakusuma/.m2/repository/org/eclipse/jetty/jetty-util/9.4.36.v20210114/jetty-util-9.4.36.v20210114.jar:/Users/fizkiarditiakusuma/.m2/repository/org/eclipse/jetty/jetty-io/9.4.36.v20210114/jetty-io-9.4.36.v20210114.jar:/Users/fizkiarditiakusuma/.m2/repository/org/eclipse/jetty/websocket/websocket-common/9.4.36.v20210114/websocket-common-9.4.36.v20210114.jar:/Users/fizkiarditiakusuma/.m2/repository/org/eclipse/jetty/websocket/websocket-api/9.4.36.v20210114/websocket-api-9.4.36.v20210114.jar:/Users/fizkiarditiakusuma/.m2/repository/org/projectlombok/lombok/1.18.20/lombok-1.18.20.jar:/Users/fizkiarditiakusuma/.m2/repository/org/seleniumhq/selenium/htmlunit-driver/2.47.1/htmlunit-driver-2.47.1.jar:/Users/fizkiarditiakusuma/.m2/repository/com/codeborne/phantomjsdriver/1.4.4/phantomjsdriver-1.4.4.jar:/Users/fizkiarditiakusuma/.m2/repository/io/appium/java-client/7.5.1/java-client-7.5.1.jar:/Users/fizkiarditiakusuma/.m2/repository/commons-validator/commons-validator/1.7/commons-validator-1.7.jar:/Users/fizkiarditiakusuma/.m2/repository/commons-digester/commons-digester/2.1/commons-digester-2.1.jar:/Users/fizkiarditiakusuma/.m2/repository/org/aspectj/aspectjweaver/1.9.6/aspectjweaver-1.9.6.jar:/Users/fizkiarditiakusuma/.m2/repository/net/sf/opencsv/opencsv/2.0/opencsv-2.0.jar:/Users/fizkiarditiakusuma/.m2/repository/commons-beanutils/commons-beanutils/1.9.4/commons-beanutils-1.9.4.jar:/Users/fizkiarditiakusuma/.m2/repository/org/apache/commons/commons-lang3/3.11/commons-lang3-3.11.jar:/Users/fizkiarditiakusuma/.m2/repository/commons-collections/commons-collections/3.2.2/commons-collections-3.2.2.jar:/Users/fizkiarditiakusuma/.m2/repository/org/fluentlenium/fluentlenium-core/0.10.2/fluentlenium-core-0.10.2.jar:/Users/fizkiarditiakusuma/.m2/repository/io/github/bonigarcia/webdrivermanager/4.4.1/webdrivermanager-4.4.1.jar:/Users/fizkiarditiakusuma/.m2/repository/org/apache/httpcomponents/client5/httpclient5/5.0.3/httpclient5-5.0.3.jar:/Users/fizkiarditiakusuma/.m2/repository/org/apache/httpcomponents/core5/httpcore5/5.0.2/httpcore5-5.0.2.jar:/Users/fizkiarditiakusuma/.m2/repository/org/apache/httpcomponents/core5/httpcore5-h2/5.0.2/httpcore5-h2-5.0.2.jar:/Users/fizkiarditiakusuma/.m2/repository/org/rauschig/jarchivelib/1.1.0/jarchivelib-1.1.0.jar:/Users/fizkiarditiakusuma/.m2/repository/org/apache/commons/commons-compress/1.20/commons-compress-1.20.jar:/Users/fizkiarditiakusuma/.m2/repository/com/jhlabs/filters/2.0.235/filters-2.0.235.jar:/Users/fizkiarditiakusuma/.m2/repository/com/paulhammant/ngwebdriver/1.1.5/ngwebdriver-1.1.5.jar:/Users/fizkiarditiakusuma/.m2/repository/joda-time/joda-time/2.8.2/joda-time-2.8.2.jar:/Users/fizkiarditiakusuma/.m2/repository/com/google/jimfs/jimfs/1.1/jimfs-1.1.jar:/Users/fizkiarditiakusuma/.m2/repository/org/mockito/mockito-core/3.3.3/mockito-core-3.3.3.jar:/Users/fizkiarditiakusuma/.m2/repository/javax/xml/bind/jaxb-api/2.3.1/jaxb-api-2.3.1.jar:/Users/fizkiarditiakusuma/.m2/repository/javax/activation/javax.activation-api/1.2.0/javax.activation-api-1.2.0.jar:/Users/fizkiarditiakusuma/.m2/repository/com/sun/xml/bind/jaxb-core/2.3.0.1/jaxb-core-2.3.0.1.jar:/Users/fizkiarditiakusuma/.m2/repository/com/sun/xml/bind/jaxb-impl/2.3.3/jaxb-impl-2.3.3.jar:/Users/fizkiarditiakusuma/.m2/repository/com/sun/activation/jakarta.activation/1.2.2/jakarta.activation-1.2.2.jar:/Users/fizkiarditiakusuma/.m2/repository/javax/activation/activation/1.1.1/activation-1.1.1.jar:/Users/fizkiarditiakusuma/.m2/repository/net/serenity-bdd/serenity-junit/2.4.51/serenity-junit-2.4.51.jar:/Users/fizkiarditiakusuma/.m2/repository/net/serenity-bdd/serenity-rest-assured/2.4.51/serenity-rest-assured-2.4.51.jar:/Users/fizkiarditiakusuma/.m2/repository/org/codehaus/groovy/groovy-json/3.0.8/groovy-json-3.0.8.jar:/Users/fizkiarditiakusuma/.m2/repository/org/opentest4j/opentest4j/1.2.0/opentest4j-1.2.0.jar:/Users/fizkiarditiakusuma/.m2/repository/net/serenity-bdd/serenity-screenplay/2.4.51/serenity-screenplay-2.4.51.jar:/Users/fizkiarditiakusuma/.m2/repository/net/serenity-bdd/serenity-screenplay-rest/2.4.51/serenity-screenplay-rest-2.4.51.jar:/Users/fizkiarditiakusuma/.m2/repository/net/serenity-bdd/serenity-cucumber6/2.4.51/serenity-cucumber6-2.4.51.jar:/Users/fizkiarditiakusuma/.m2/repository/net/serenity-bdd/serenity-screenplay-webdriver/2.4.51/serenity-screenplay-webdriver-2.4.51.jar:/Users/fizkiarditiakusuma/.m2/repository/io/cucumber/cucumber-java/6.10.4/cucumber-java-6.10.4.jar:/Users/fizkiarditiakusuma/.m2/repository/org/apiguardian/apiguardian-api/1.1.1/apiguardian-api-1.1.1.jar:/Users/fizkiarditiakusuma/.m2/repository/io/cucumber/cucumber-junit/6.10.4/cucumber-junit-6.10.4.jar:/Users/fizkiarditiakusuma/.m2/repository/io/cucumber/datatable-matchers/3.4.0/datatable-matchers-3.4.0.jar:/Users/fizkiarditiakusuma/.m2/repository/io/cucumber/datatable/3.4.0/datatable-3.4.0.jar:/Users/fizkiarditiakusuma/.m2/repository/commons-logging/commons-logging/1.2/commons-logging-1.2.jar:/Users/fizkiarditiakusuma/.m2/repository/org/apache/commons/commons-csv/1.5/commons-csv-1.5.jar:/Users/fizkiarditiakusuma/.m2/repository/io/rest-assured/rest-assured/4.3.2/rest-assured-4.3.2.jar:/Users/fizkiarditiakusuma/.m2/repository/org/apache/httpcomponents/httpclient/4.5.3/httpclient-4.5.3.jar:/Users/fizkiarditiakusuma/.m2/repository/org/apache/httpcomponents/httpcore/4.4.6/httpcore-4.4.6.jar:/Users/fizkiarditiakusuma/.m2/repository/org/apache/httpcomponents/httpmime/4.5.3/httpmime-4.5.3.jar:/Users/fizkiarditiakusuma/.m2/repository/org/ccil/cowan/tagsoup/tagsoup/1.2.1/tagsoup-1.2.1.jar:/Users/fizkiarditiakusuma/.m2/repository/io/rest-assured/json-path/4.3.3/json-path-4.3.3.jar:/Users/fizkiarditiakusuma/.m2/repository/io/rest-assured/rest-assured-common/4.3.3/rest-assured-common-4.3.3.jar:/Users/fizkiarditiakusuma/.m2/repository/io/rest-assured/xml-path/4.3.3/xml-path-4.3.3.jar:/Users/fizkiarditiakusuma/.m2/repository/jakarta/xml/bind/jakarta.xml.bind-api/2.3.3/jakarta.xml.bind-api-2.3.3.jar:/Users/fizkiarditiakusuma/.m2/repository/jakarta/activation/jakarta.activation-api/1.2.2/jakarta.activation-api-1.2.2.jar:/Users/fizkiarditiakusuma/.m2/repository/org/codehaus/groovy/groovy/3.0.6/groovy-3.0.6.jar:/Users/fizkiarditiakusuma/.m2/repository/org/codehaus/groovy/groovy-xml/3.0.6/groovy-xml-3.0.6.jar:/Users/fizkiarditiakusuma/.m2/repository/junit/junit/4.13.1/junit-4.13.1.jar:/Users/fizkiarditiakusuma/.m2/repository/org/hamcrest/hamcrest-core/1.3/hamcrest-core-1.3.jar:/Users/fizkiarditiakusuma/.m2/repository/org/assertj/assertj-core/3.6.2/assertj-core-3.6.2.jar:/Users/fizkiarditiakusuma/.m2/repository/org/hamcrest/hamcrest/2.2/hamcrest-2.2.jar:/Users/fizkiarditiakusuma/.m2/repository/io/rest-assured/json-schema-validator/5.2.0/json-schema-validator-5.2.0.jar:/Users/fizkiarditiakusuma/.m2/repository/com/github/java-json-tools/json-schema-validator/2.2.14/json-schema-validator-2.2.14.jar:/Users/fizkiarditiakusuma/.m2/repository/com/github/java-json-tools/jackson-coreutils-equivalence/1.0/jackson-coreutils-equivalence-1.0.jar:/Users/fizkiarditiakusuma/.m2/repository/com/github/java-json-tools/jackson-coreutils/2.0/jackson-coreutils-2.0.jar:/Users/fizkiarditiakusuma/.m2/repository/com/github/java-json-tools/msg-simple/1.2/msg-simple-1.2.jar:/Users/fizkiarditiakusuma/.m2/repository/com/github/java-json-tools/btf/1.3/btf-1.3.jar:/Users/fizkiarditiakusuma/.m2/repository/com/github/java-json-tools/json-schema-core/1.2.14/json-schema-core-1.2.14.jar:/Users/fizkiarditiakusuma/.m2/repository/com/github/java-json-tools/uri-template/0.10/uri-template-0.10.jar:/Users/fizkiarditiakusuma/.m2/repository/org/mozilla/rhino/1.7.7.2/rhino-1.7.7.2.jar:/Users/fizkiarditiakusuma/.m2/repository/com/sun/mail/mailapi/1.6.2/mailapi-1.6.2.jar:/Users/fizkiarditiakusuma/.m2/repository/com/googlecode/libphonenumber/libphonenumber/8.11.1/libphonenumber-8.11.1.jar:/Users/fizkiarditiakusuma/.m2/repository/com/google/code/findbugs/jsr305/3.0.2/jsr305-3.0.2.jar:/Users/fizkiarditiakusuma/.m2/repository/net/sf/jopt-simple/jopt-simple/5.0.4/jopt-simple-5.0.4.jar:/Users/fizkiarditiakusuma/.m2/repository/org/apache/maven/surefire/surefire-junit47/3.0.0-M5/surefire-junit47-3.0.0-M5.jar:/Users/fizkiarditiakusuma/.m2/repository/org/apache/maven/surefire/common-java5/3.0.0-M5/common-java5-3.0.0-M5.jar:/Users/fizkiarditiakusuma/.m2/repository/org/apache/maven/surefire/common-junit3/3.0.0-M5/common-junit3-3.0.0-M5.jar:/Users/fizkiarditiakusuma/.m2/repository/org/apache/maven/surefire/common-junit4/3.0.0-M5/common-junit4-3.0.0-M5.jar:/Users/fizkiarditiakusuma/.m2/repository/org/apache/maven/surefire/common-junit48/3.0.0-M5/common-junit48-3.0.0-M5.jar:/Users/fizkiarditiakusuma/.m2/repository/org/apache/maven/surefire/surefire-grouper/3.0.0-M5/surefire-grouper-3.0.0-M5.jar"/>
    <property name="sun.management.compiler" value="HotSpot 64-Bit Tiered Compilers"/>
    <property name="ftp.nonProxyHosts" value="local|*.local|169.254/16|*.169.254/16"/>
    <property name="java.runtime.version" value="17.0.8+7"/>
    <property name="user.name" value="fizkiarditiakusuma"/>
    <property name="path.separator" value=":"/>
    <property name="os.version" value="13.5.2"/>
    <property name="java.runtime.name" value="OpenJDK Runtime Environment"/>
    <property name="file.encoding" value="UTF-8"/>
    <property name="webdriver.base.url" value=""/>
    <property name="java.vm.name" value="OpenJDK 64-Bit Server VM"/>
    <property name="java.vendor.version" value="Temurin-17.0.8+7"/>
    <property name="localRepository" value="/Users/fizkiarditiakusuma/.m2/repository"/>
    <property name="java.vendor.url.bug" value="https://github.com/adoptium/adoptium-support/issues"/>
    <property name="java.io.tmpdir" value="/var/folders/nl/kl9228955pjdfy31l8yfjk700000gn/T/"/>
    <property name="java.version" value="17.0.8"/>
    <property name="user.dir" value="/Users/fizkiarditiakusuma/Downloads/Reqres-API"/>
    <property name="os.arch" value="aarch64"/>
    <property name="java.vm.specification.name" value="Java Virtual Machine Specification"/>
    <property name="native.encoding" value="UTF-8"/>
    <property name="java.library.path" value="/Users/fizkiarditiakusuma/Library/Java/Extensions:/Library/Java/Extensions:/Network/Library/Java/Extensions:/System/Library/Java/Extensions:/usr/lib/java:."/>
    <property name="java.vm.info" value="mixed mode"/>
    <property name="java.vendor" value="Eclipse Adoptium"/>
    <property name="java.vm.version" value="17.0.8+7"/>
    <property name="sun.io.unicode.encoding" value="UnicodeBig"/>
    <property name="socksNonProxyHosts" value="local|*.local|169.254/16|*.169.254/16"/>
    <property name="java.class.version" value="61.0"/>
  </properties>
  <testcase name="Get LIST USER" classname="Testing API - GET" time="1.7">
    <system-out><![CDATA[17:42:04.217 [pool-2-thread-1] INFO io.cucumber.core.plugin.SerenityReporter - Running feature from classpath:features//DELETE.feature

17:42:04.297 [pool-2-thread-1] INFO  - 

-------------------------------------------------------------------------------------
     _______. _______ .______       _______ .__   __.  __  .___________.____    ____ 
    /       ||   ____||   _  \     |   ____||  \ |  | |  | |           |\   \  /   / 
   |   (----`|  |__   |  |_)  |    |  |__   |   \|  | |  | `---|  |----` \   \/   /  
    \   \    |   __|  |      /     |   __|  |  . `  | |  |     |  |       \_    _/   
.----)   |   |  |____ |  |\  \----.|  |____ |  |\   | |  |     |  |         |  |     
|_______/    |_______|| _| `._____||_______||__| \__| |__|     |__|         |__|    
                                                                                     
 News and tutorials at http://www.serenity-bdd.info                                  
 Documentation at https://wakaleo.gitbooks.io/the-serenity-book/content/             
 Join the Serenity Community on Gitter: https://gitter.im/serenity-bdd/serenity-core 
 Serenity BDD Support and Training at http://serenity-bdd.info/#/trainingandsupport  
-------------------------------------------------------------------------------------


17:42:04.298 [pool-2-thread-1] DEBUG net.thucydides.core.steps.StepEventBus - Test suite started for story net.thucydides.core.model.Story@a2898e32

17:42:04.299 [pool-2-thread-1] INFO  - Test Suite Started: Testing API - DELETE

17:42:04.316 [pool-2-thread-1] INFO io.cucumber.core.plugin.SerenityReporter - Running feature from classpath:features//GET.feature

17:42:04.320 [pool-2-thread-1] DEBUG net.thucydides.core.steps.StepEventBus - Test suite started for story net.thucydides.core.model.Story@b2bd731e

17:42:04.320 [pool-2-thread-1] INFO  - Test Suite Started: Testing API - GET

17:42:04.328 [pool-2-thread-1] INFO io.cucumber.core.plugin.SerenityReporter - Running feature from classpath:features//PATCH.feature

17:42:04.330 [pool-2-thread-1] DEBUG net.thucydides.core.steps.StepEventBus - Test suite started for story net.thucydides.core.model.Story@9294fdde

17:42:04.330 [pool-2-thread-1] INFO  - Test Suite Started: Testing API - PATCH

17:42:04.331 [pool-2-thread-1] INFO io.cucumber.core.plugin.SerenityReporter - Running feature from classpath:features//POST.feature

17:42:04.333 [pool-2-thread-1] DEBUG net.thucydides.core.steps.StepEventBus - Test suite started for story net.thucydides.core.model.Story@4aecd652

17:42:04.333 [pool-2-thread-1] INFO  - Test Suite Started: Testing API - POST

17:42:04.339 [pool-2-thread-1] INFO io.cucumber.core.plugin.SerenityReporter - Running feature from classpath:features//PUT.feature

17:42:04.341 [pool-2-thread-1] DEBUG net.thucydides.core.steps.StepEventBus - Test suite started for story net.thucydides.core.model.Story@3363213e

17:42:04.341 [pool-2-thread-1] INFO  - Test Suite Started: Testing API - PUT



7
 Scenarios (
&amp#27;[32m7 passed&amp#27;[0m
)

21
 Steps (
&amp#27;[32m21 passed&amp#27;[0m
)

0m
6.617s





17:42:10.853 [pool-2-thread-1] DEBUG net.thucydides.core.reports.ReportService - Reporting formats: [JSON, HTML]

17:42:10.881 [pool-2-thread-1] DEBUG net.thucydides.core.reports.ReportService - Reporting formats: [JSON, HTML]

17:42:10.884 [pool-2-thread-1] DEBUG net.thucydides.core.reports.ReportService - Generating reports for 7 test outcomes using: net.thucydides.core.reports.json.JSONTestOutcomeReporter@54c9b7d3

17:42:10.885 [pool-3-thread-1] DEBUG net.thucydides.core.reports.ReportService - Processing test outcome Testing API - GET:Get LIST USER

17:42:10.885 [pool-3-thread-1] INFO net.thucydides.core.reports.ReportService - net.thucydides.core.reports.json.JSONTestOutcomeReporter@54c9b7d3: Generating report for test outcome: Testing API - GET:Get LIST USER

17:42:10.885 [pool-3-thread-4] DEBUG net.thucydides.core.reports.ReportService - Processing test outcome Testing API - GET:Get LIST <RESOURCE>

17:42:10.885 [pool-3-thread-2] DEBUG net.thucydides.core.reports.ReportService - Processing test outcome Testing API - GET:Get SINGLE USER

17:42:10.885 [pool-3-thread-2] INFO net.thucydides.core.reports.ReportService - net.thucydides.core.reports.json.JSONTestOutcomeReporter@54c9b7d3: Generating report for test outcome: Testing API - GET:Get SINGLE USER

17:42:10.885 [pool-3-thread-3] DEBUG net.thucydides.core.reports.ReportService - Processing test outcome Testing API - GET:Get SINGLE USER NOT FOUND

17:42:10.885 [pool-3-thread-3] INFO net.thucydides.core.reports.ReportService - net.thucydides.core.reports.json.JSONTestOutcomeReporter@54c9b7d3: Generating report for test outcome: Testing API - GET:Get SINGLE USER NOT FOUND

17:42:10.885 [pool-3-thread-7] DEBUG net.thucydides.core.reports.ReportService - Processing test outcome Testing API - GET:Get DELAYED RESPONSE

17:42:10.885 [pool-3-thread-7] INFO net.thucydides.core.reports.ReportService - net.thucydides.core.reports.json.JSONTestOutcomeReporter@54c9b7d3: Generating report for test outcome: Testing API - GET:Get DELAYED RESPONSE

17:42:10.885 [pool-3-thread-4] INFO net.thucydides.core.reports.ReportService - net.thucydides.core.reports.json.JSONTestOutcomeReporter@54c9b7d3: Generating report for test outcome: Testing API - GET:Get LIST <RESOURCE>

17:42:10.885 [pool-3-thread-6] DEBUG net.thucydides.core.reports.ReportService - Processing test outcome Testing API - GET:Get SINGLE <RESOURCE> NOT FOUND

17:42:10.885 [pool-3-thread-5] DEBUG net.thucydides.core.reports.ReportService - Processing test outcome Testing API - GET:Get SINGLE <RESOURCE>

17:42:10.885 [pool-3-thread-6] INFO net.thucydides.core.reports.ReportService - net.thucydides.core.reports.json.JSONTestOutcomeReporter@54c9b7d3: Generating report for test outcome: Testing API - GET:Get SINGLE <RESOURCE> NOT FOUND

17:42:10.885 [pool-3-thread-5] INFO net.thucydides.core.reports.ReportService - net.thucydides.core.reports.json.JSONTestOutcomeReporter@54c9b7d3: Generating report for test outcome: Testing API - GET:Get SINGLE <RESOURCE>

17:42:10.887 [pool-3-thread-3] DEBUG net.thucydides.core.reports.json.JSONTestOutcomeReporter - Generating JSON report for Get SINGLE USER NOT FOUND to file /Users/fizkiarditiakusuma/Downloads/Reqres-API/target/site/serenity/a1117af9d19c82dd32163d19ad3aa11545b7e0c083b77429c8a7c803e281ae28.json (using temp file /Users/fizkiarditiakusuma/Downloads/Reqres-API/target/site/serenity/a1117af9d19c82dd32163d19ad3aa11545b7e0c083b77429c8a7c803e281ae28.json478f580a-3a35-4509-b437-35854132dd82)

17:42:10.887 [pool-3-thread-7] DEBUG net.thucydides.core.reports.json.JSONTestOutcomeReporter - Generating JSON report for Get DELAYED RESPONSE to file /Users/fizkiarditiakusuma/Downloads/Reqres-API/target/site/serenity/d1a9fd3d76dfb45841b34d96ee4285be2409626a83d35d4a3a881e53a2414924.json (using temp file /Users/fizkiarditiakusuma/Downloads/Reqres-API/target/site/serenity/d1a9fd3d76dfb45841b34d96ee4285be2409626a83d35d4a3a881e53a2414924.jsoned20c42a-9f32-474e-9822-33ee248fbf3e)

17:42:10.887 [pool-3-thread-1] DEBUG net.thucydides.core.reports.json.JSONTestOutcomeReporter - Generating JSON report for Get LIST USER to file /Users/fizkiarditiakusuma/Downloads/Reqres-API/target/site/serenity/e702022afa9059e4b8fb37540857eab23426e95eba880a033600b24d5d2a7772.json (using temp file /Users/fizkiarditiakusuma/Downloads/Reqres-API/target/site/serenity/e702022afa9059e4b8fb37540857eab23426e95eba880a033600b24d5d2a7772.jsonc8eaa9f2-1a2c-4e9d-939e-0a67c2d3ee78)

17:42:10.887 [pool-3-thread-4] DEBUG net.thucydides.core.reports.json.JSONTestOutcomeReporter - Generating JSON report for Get LIST <RESOURCE> to file /Users/fizkiarditiakusuma/Downloads/Reqres-API/target/site/serenity/e428da6ef89c22c66da7cf8963197bdadbda7cf7352ec9ec692283265865ec9e.json (using temp file /Users/fizkiarditiakusuma/Downloads/Reqres-API/target/site/serenity/e428da6ef89c22c66da7cf8963197bdadbda7cf7352ec9ec692283265865ec9e.json7e0feac3-eb11-49f1-a5a8-319d4cdfae13)

17:42:10.887 [pool-3-thread-6] DEBUG net.thucydides.core.reports.json.JSONTestOutcomeReporter - Generating JSON report for Get SINGLE <RESOURCE> NOT FOUND to file /Users/fizkiarditiakusuma/Downloads/Reqres-API/target/site/serenity/eb8b7aa07e9dc4e4fbfc1245d87d6d3fda8b9203683099f5d5e4dd5d31197eaf.json (using temp file /Users/fizkiarditiakusuma/Downloads/Reqres-API/target/site/serenity/eb8b7aa07e9dc4e4fbfc1245d87d6d3fda8b9203683099f5d5e4dd5d31197eaf.json00292996-9a95-41c4-bb22-c0d0a0cf602d)

17:42:10.887 [pool-3-thread-2] DEBUG net.thucydides.core.reports.json.JSONTestOutcomeReporter - Generating JSON report for Get SINGLE USER to file /Users/fizkiarditiakusuma/Downloads/Reqres-API/target/site/serenity/0d231046c9e89ca5249ab677a8e8ffc1a5e9e91dd0e3b27863d55177e709c844.json (using temp file /Users/fizkiarditiakusuma/Downloads/Reqres-API/target/site/serenity/0d231046c9e89ca5249ab677a8e8ffc1a5e9e91dd0e3b27863d55177e709c844.json4ae543b1-a7b7-4ff5-aa1a-a75c91dd98a6)

17:42:10.887 [pool-3-thread-5] DEBUG net.thucydides.core.reports.json.JSONTestOutcomeReporter - Generating JSON report for Get SINGLE <RESOURCE> to file /Users/fizkiarditiakusuma/Downloads/Reqres-API/target/site/serenity/7ed81bafb752e34f3c1826bcfdaa8235e2e81aa50406a94265b16ac56b11849f.json (using temp file /Users/fizkiarditiakusuma/Downloads/Reqres-API/target/site/serenity/7ed81bafb752e34f3c1826bcfdaa8235e2e81aa50406a94265b16ac56b11849f.json15e45c38-3279-4475-b29c-e26a3e706972)

17:42:10.899 [pool-3-thread-3] DEBUG net.thucydides.core.reports.ReportService - Processing test outcome Testing API - GET:Get SINGLE USER NOT FOUND done

17:42:10.899 [pool-3-thread-2] DEBUG net.thucydides.core.reports.ReportService - Processing test outcome Testing API - GET:Get SINGLE USER done

17:42:10.899 [pool-3-thread-1] DEBUG net.thucydides.core.reports.ReportService - Processing test outcome Testing API - GET:Get LIST USER done

17:42:10.900 [pool-3-thread-4] DEBUG net.thucydides.core.reports.ReportService - Processing test outcome Testing API - GET:Get LIST <RESOURCE> done

17:42:10.900 [pool-3-thread-5] DEBUG net.thucydides.core.reports.ReportService - Processing test outcome Testing API - GET:Get SINGLE <RESOURCE> done

17:42:10.900 [pool-3-thread-6] DEBUG net.thucydides.core.reports.ReportService - Processing test outcome Testing API - GET:Get SINGLE <RESOURCE> NOT FOUND done

17:42:10.900 [pool-3-thread-7] DEBUG net.thucydides.core.reports.ReportService - Processing test outcome Testing API - GET:Get DELAYED RESPONSE done

17:42:10.900 [pool-2-thread-1] DEBUG net.thucydides.core.reports.ReportService - Shutting down executor service

17:42:10.900 [pool-2-thread-1] DEBUG net.thucydides.core.reports.ReportService - Reports generated in: 16 ms

17:42:10.900 [pool-2-thread-1] DEBUG net.thucydides.core.reports.ReportService - Generating reports for 7 test outcomes using: net.thucydides.core.reports.html.HtmlAcceptanceTestReporter@56967749

17:42:10.901 [pool-4-thread-1] DEBUG net.thucydides.core.reports.ReportService - Processing test outcome Testing API - GET:Get LIST USER

17:42:10.901 [pool-4-thread-1] INFO net.thucydides.core.reports.ReportService - net.thucydides.core.reports.html.HtmlAcceptanceTestReporter@56967749: Generating report for test outcome: Testing API - GET:Get LIST USER

17:42:10.901 [pool-4-thread-2] DEBUG net.thucydides.core.reports.ReportService - Processing test outcome Testing API - GET:Get SINGLE USER

17:42:10.901 [pool-4-thread-3] DEBUG net.thucydides.core.reports.ReportService - Processing test outcome Testing API - GET:Get SINGLE USER NOT FOUND

17:42:10.901 [pool-4-thread-3] INFO net.thucydides.core.reports.ReportService - net.thucydides.core.reports.html.HtmlAcceptanceTestReporter@56967749: Generating report for test outcome: Testing API - GET:Get SINGLE USER NOT FOUND

17:42:10.901 [pool-4-thread-2] INFO net.thucydides.core.reports.ReportService - net.thucydides.core.reports.html.HtmlAcceptanceTestReporter@56967749: Generating report for test outcome: Testing API - GET:Get SINGLE USER

17:42:10.901 [pool-4-thread-4] DEBUG net.thucydides.core.reports.ReportService - Processing test outcome Testing API - GET:Get LIST <RESOURCE>

17:42:10.901 [pool-4-thread-4] INFO net.thucydides.core.reports.ReportService - net.thucydides.core.reports.html.HtmlAcceptanceTestReporter@56967749: Generating report for test outcome: Testing API - GET:Get LIST <RESOURCE>

17:42:10.901 [pool-4-thread-5] DEBUG net.thucydides.core.reports.ReportService - Processing test outcome Testing API - GET:Get SINGLE <RESOURCE>

17:42:10.901 [pool-4-thread-5] INFO net.thucydides.core.reports.ReportService - net.thucydides.core.reports.html.HtmlAcceptanceTestReporter@56967749: Generating report for test outcome: Testing API - GET:Get SINGLE <RESOURCE>

17:42:10.901 [pool-4-thread-7] DEBUG net.thucydides.core.reports.ReportService - Processing test outcome Testing API - GET:Get DELAYED RESPONSE

17:42:10.901 [pool-4-thread-7] INFO net.thucydides.core.reports.ReportService - net.thucydides.core.reports.html.HtmlAcceptanceTestReporter@56967749: Generating report for test outcome: Testing API - GET:Get DELAYED RESPONSE

17:42:10.901 [pool-4-thread-6] DEBUG net.thucydides.core.reports.ReportService - Processing test outcome Testing API - GET:Get SINGLE <RESOURCE> NOT FOUND

17:42:10.901 [pool-4-thread-6] INFO net.thucydides.core.reports.ReportService - net.thucydides.core.reports.html.HtmlAcceptanceTestReporter@56967749: Generating report for test outcome: Testing API - GET:Get SINGLE <RESOURCE> NOT FOUND

17:42:10.909 [pool-4-thread-4] DEBUG net.thucydides.core.requirements.model.cucumber.CucumberParser - Added feature Testing API - PATCH

17:42:10.909 [pool-4-thread-5] DEBUG net.thucydides.core.requirements.model.cucumber.CucumberParser - Added feature Testing API - PATCH

17:42:10.910 [pool-4-thread-7] DEBUG net.thucydides.core.requirements.model.cucumber.CucumberParser - Added feature Testing API - PATCH

17:42:10.910 [pool-4-thread-2] DEBUG net.thucydides.core.requirements.model.cucumber.CucumberParser - Added feature Testing API - PATCH

17:42:10.910 [pool-4-thread-3] DEBUG net.thucydides.core.requirements.model.cucumber.CucumberParser - Added feature Testing API - PATCH

17:42:10.911 [pool-4-thread-1] DEBUG net.thucydides.core.requirements.model.cucumber.CucumberParser - Added feature Testing API - PATCH

17:42:10.913 [pool-4-thread-6] DEBUG net.thucydides.core.requirements.model.cucumber.CucumberParser - Added feature Testing API - PATCH

17:42:10.915 [pool-4-thread-5] DEBUG net.thucydides.core.requirements.model.cucumber.CucumberParser - Added feature Testing API - GET

17:42:10.917 [pool-4-thread-5] DEBUG net.thucydides.core.requirements.model.cucumber.CucumberParser - Added feature Testing API - DELETE

17:42:10.918 [pool-4-thread-4] DEBUG net.thucydides.core.requirements.model.cucumber.CucumberParser - Added feature Testing API - GET

17:42:10.918 [pool-4-thread-3] DEBUG net.thucydides.core.requirements.model.cucumber.CucumberParser - Added feature Testing API - GET

17:42:10.918 [pool-4-thread-7] DEBUG net.thucydides.core.requirements.model.cucumber.CucumberParser - Added feature Testing API - GET

17:42:10.919 [pool-4-thread-4] DEBUG net.thucydides.core.requirements.model.cucumber.CucumberParser - Added feature Testing API - DELETE

17:42:10.919 [pool-4-thread-7] DEBUG net.thucydides.core.requirements.model.cucumber.CucumberParser - Added feature Testing API - DELETE

17:42:10.919 [pool-4-thread-1] DEBUG net.thucydides.core.requirements.model.cucumber.CucumberParser - Added feature Testing API - GET

17:42:10.920 [pool-4-thread-2] DEBUG net.thucydides.core.requirements.model.cucumber.CucumberParser - Added feature Testing API - GET

17:42:10.920 [pool-4-thread-3] DEBUG net.thucydides.core.requirements.model.cucumber.CucumberParser - Added feature Testing API - DELETE

17:42:10.921 [pool-4-thread-4] DEBUG net.thucydides.core.requirements.model.cucumber.CucumberParser - Added feature Testing API - POST

17:42:10.921 [pool-4-thread-1] DEBUG net.thucydides.core.requirements.model.cucumber.CucumberParser - Added feature Testing API - DELETE

17:42:10.921 [pool-4-thread-5] DEBUG net.thucydides.core.requirements.model.cucumber.CucumberParser - Added feature Testing API - POST

17:42:10.923 [pool-4-thread-6] DEBUG net.thucydides.core.requirements.model.cucumber.CucumberParser - Added feature Testing API - GET

17:42:10.923 [pool-4-thread-2] DEBUG net.thucydides.core.requirements.model.cucumber.CucumberParser - Added feature Testing API - DELETE

17:42:10.923 [pool-4-thread-1] DEBUG net.thucydides.core.requirements.model.cucumber.CucumberParser - Added feature Testing API - POST

17:42:10.923 [pool-4-thread-7] DEBUG net.thucydides.core.requirements.model.cucumber.CucumberParser - Added feature Testing API - POST

17:42:10.924 [pool-4-thread-4] DEBUG net.thucydides.core.requirements.model.cucumber.CucumberParser - Added feature Testing API - PUT

17:42:10.924 [pool-4-thread-5] DEBUG net.thucydides.core.requirements.model.cucumber.CucumberParser - Added feature Testing API - PUT

17:42:10.924 [pool-4-thread-1] DEBUG net.thucydides.core.requirements.model.cucumber.CucumberParser - Added feature Testing API - PUT

17:42:10.925 [pool-4-thread-6] DEBUG net.thucydides.core.requirements.model.cucumber.CucumberParser - Added feature Testing API - DELETE

17:42:10.925 [pool-4-thread-3] DEBUG net.thucydides.core.requirements.model.cucumber.CucumberParser - Added feature Testing API - POST

17:42:10.925 [pool-4-thread-7] DEBUG net.thucydides.core.requirements.model.cucumber.CucumberParser - Added feature Testing API - PUT

17:42:10.927 [pool-4-thread-2] DEBUG net.thucydides.core.requirements.model.cucumber.CucumberParser - Added feature Testing API - POST

17:42:10.927 [pool-4-thread-6] DEBUG net.thucydides.core.requirements.model.cucumber.CucumberParser - Added feature Testing API - POST

17:42:10.928 [pool-4-thread-3] DEBUG net.thucydides.core.requirements.model.cucumber.CucumberParser - Added feature Testing API - PUT

17:42:10.929 [pool-4-thread-6] DEBUG net.thucydides.core.requirements.model.cucumber.CucumberParser - Added feature Testing API - PUT

17:42:10.929 [pool-4-thread-2] DEBUG net.thucydides.core.requirements.model.cucumber.CucumberParser - Added feature Testing API - PUT

17:42:10.933 [pool-4-thread-2] DEBUG net.thucydides.core.requirements.BaseRequirementsService - Requirement found for test outcome Get SINGLE USER-[]: Optional[Requirement{name='Testing API - GET', type='feature' parent = 'null', cardNumber='null'}]

17:42:10.933 [pool-4-thread-6] DEBUG net.thucydides.core.requirements.BaseRequirementsService - Requirement found for test outcome Get SINGLE <RESOURCE> NOT FOUND-[]: Optional[Requirement{name='Testing API - GET', type='feature' parent = 'null', cardNumber='null'}]

17:42:10.933 [pool-4-thread-1] DEBUG net.thucydides.core.requirements.BaseRequirementsService - Requirement found for test outcome Get LIST USER-[]: Optional[Requirement{name='Testing API - GET', type='feature' parent = 'null', cardNumber='null'}]

17:42:10.933 [pool-4-thread-7] DEBUG net.thucydides.core.requirements.BaseRequirementsService - Requirement found for test outcome Get DELAYED RESPONSE-[]: Optional[Requirement{name='Testing API - GET', type='feature' parent = 'null', cardNumber='null'}]

17:42:10.933 [pool-4-thread-3] DEBUG net.thucydides.core.requirements.BaseRequirementsService - Requirement found for test outcome Get SINGLE USER NOT FOUND-[]: Optional[Requirement{name='Testing API - GET', type='feature' parent = 'null', cardNumber='null'}]

17:42:10.934 [pool-4-thread-4] DEBUG net.thucydides.core.requirements.BaseRequirementsService - Requirement found for test outcome Get LIST <RESOURCE>-[]: Optional[Requirement{name='Testing API - GET', type='feature' parent = 'null', cardNumber='null'}]

17:42:10.934 [pool-4-thread-5] DEBUG net.thucydides.core.requirements.BaseRequirementsService - Requirement found for test outcome Get SINGLE <RESOURCE>-[]: Optional[Requirement{name='Testing API - GET', type='feature' parent = 'null', cardNumber='null'}]

17:42:10.935 [pool-4-thread-7] DEBUG net.thucydides.core.requirements.BaseRequirementsService - Requirement found for test outcome Get DELAYED RESPONSE-[]: Optional[Requirement{name='Testing API - GET', type='feature' parent = 'null', cardNumber='null'}]

17:42:10.936 [pool-4-thread-1] DEBUG net.thucydides.core.requirements.BaseRequirementsService - Requirement found for test outcome Get LIST USER-[]: Optional[Requirement{name='Testing API - GET', type='feature' parent = 'null', cardNumber='null'}]

17:42:10.936 [pool-4-thread-6] DEBUG net.thucydides.core.requirements.BaseRequirementsService - Requirement found for test outcome Get SINGLE <RESOURCE> NOT FOUND-[]: Optional[Requirement{name='Testing API - GET', type='feature' parent = 'null', cardNumber='null'}]

17:42:10.936 [pool-4-thread-4] DEBUG net.thucydides.core.requirements.BaseRequirementsService - Requirement found for test outcome Get LIST <RESOURCE>-[]: Optional[Requirement{name='Testing API - GET', type='feature' parent = 'null', cardNumber='null'}]

17:42:10.936 [pool-4-thread-3] DEBUG net.thucydides.core.requirements.BaseRequirementsService - Requirement found for test outcome Get SINGLE USER NOT FOUND-[]: Optional[Requirement{name='Testing API - GET', type='feature' parent = 'null', cardNumber='null'}]

17:42:10.936 [pool-4-thread-2] DEBUG net.thucydides.core.requirements.BaseRequirementsService - Requirement found for test outcome Get SINGLE USER-[]: Optional[Requirement{name='Testing API - GET', type='feature' parent = 'null', cardNumber='null'}]

17:42:10.936 [pool-4-thread-5] DEBUG net.thucydides.core.requirements.BaseRequirementsService - Requirement found for test outcome Get SINGLE <RESOURCE>-[]: Optional[Requirement{name='Testing API - GET', type='feature' parent = 'null', cardNumber='null'}]

17:42:10.965 [pool-4-thread-1] DEBUG serenity.reporting - Generating report in e702022afa9059e4b8fb37540857eab23426e95eba880a033600b24d5d2a7772.html

17:42:10.966 [pool-4-thread-5] DEBUG serenity.reporting - Generating report in 7ed81bafb752e34f3c1826bcfdaa8235e2e81aa50406a94265b16ac56b11849f.html

17:42:10.965 [pool-4-thread-7] DEBUG serenity.reporting - Generating report in d1a9fd3d76dfb45841b34d96ee4285be2409626a83d35d4a3a881e53a2414924.html

17:42:10.966 [pool-4-thread-2] DEBUG serenity.reporting - Generating report in 0d231046c9e89ca5249ab677a8e8ffc1a5e9e91dd0e3b27863d55177e709c844.html

17:42:10.966 [pool-4-thread-4] DEBUG serenity.reporting - Generating report in e428da6ef89c22c66da7cf8963197bdadbda7cf7352ec9ec692283265865ec9e.html

17:42:11.136 [pool-4-thread-3] DEBUG serenity.reporting - Generating report in a1117af9d19c82dd32163d19ad3aa11545b7e0c083b77429c8a7c803e281ae28.html

17:42:11.136 [pool-4-thread-6] DEBUG serenity.reporting - Generating report in eb8b7aa07e9dc4e4fbfc1245d87d6d3fda8b9203683099f5d5e4dd5d31197eaf.html

17:42:11.196 [pool-4-thread-1] DEBUG serenity.reporting - Generated report e702022afa9059e4b8fb37540857eab23426e95eba880a033600b24d5d2a7772.html in 231 ms

17:42:11.196 [pool-4-thread-1] DEBUG net.thucydides.core.reports.ReportService - Processing test outcome Testing API - GET:Get LIST USER done

17:42:11.196 [pool-4-thread-4] DEBUG serenity.reporting - Generated report e428da6ef89c22c66da7cf8963197bdadbda7cf7352ec9ec692283265865ec9e.html in 230 ms

17:42:11.196 [pool-4-thread-4] DEBUG net.thucydides.core.reports.ReportService - Processing test outcome Testing API - GET:Get LIST <RESOURCE> done

17:42:11.197 [pool-4-thread-2] DEBUG serenity.reporting - Generated report 0d231046c9e89ca5249ab677a8e8ffc1a5e9e91dd0e3b27863d55177e709c844.html in 231 ms

17:42:11.197 [pool-4-thread-2] DEBUG net.thucydides.core.reports.ReportService - Processing test outcome Testing API - GET:Get SINGLE USER done

17:42:11.197 [pool-4-thread-6] DEBUG serenity.reporting - Generated report eb8b7aa07e9dc4e4fbfc1245d87d6d3fda8b9203683099f5d5e4dd5d31197eaf.html in 61 ms

17:42:11.197 [pool-4-thread-6] DEBUG net.thucydides.core.reports.ReportService - Processing test outcome Testing API - GET:Get SINGLE <RESOURCE> NOT FOUND done

17:42:11.197 [pool-4-thread-3] DEBUG serenity.reporting - Generated report a1117af9d19c82dd32163d19ad3aa11545b7e0c083b77429c8a7c803e281ae28.html in 61 ms

17:42:11.197 [pool-4-thread-3] DEBUG net.thucydides.core.reports.ReportService - Processing test outcome Testing API - GET:Get SINGLE USER NOT FOUND done

17:42:11.197 [pool-4-thread-5] DEBUG serenity.reporting - Generated report 7ed81bafb752e34f3c1826bcfdaa8235e2e81aa50406a94265b16ac56b11849f.html in 231 ms

17:42:11.198 [pool-4-thread-5] DEBUG net.thucydides.core.reports.ReportService - Processing test outcome Testing API - GET:Get SINGLE <RESOURCE> done

17:42:11.198 [pool-4-thread-7] DEBUG serenity.reporting - Generated report d1a9fd3d76dfb45841b34d96ee4285be2409626a83d35d4a3a881e53a2414924.html in 233 ms

17:42:11.198 [pool-4-thread-7] DEBUG net.thucydides.core.reports.ReportService - Processing test outcome Testing API - GET:Get DELAYED RESPONSE done

17:42:11.198 [pool-2-thread-1] DEBUG net.thucydides.core.reports.ReportService - Shutting down executor service

17:42:11.198 [pool-2-thread-1] DEBUG net.thucydides.core.reports.ReportService - Reports generated in: 298 ms

17:42:11.253 [pool-2-thread-1] INFO io.cucumber.core.plugin.SerenityReporter - Cleanup test resources for URI classpath:features//GET.feature


@REQRES @GET
Scenario: Get LIST USER                              &amp#27;[90m# features//GET.feature:5&amp#27;[0m
17:42:04.400 [pool-2-thread-1] INFO io.cucumber.core.plugin.SerenityReporter - Running feature from classpath:features//GET.feature
17:42:04.437 [pool-2-thread-1] INFO  - 
  _____   ___   ___   _____     ___   _____     _     ___   _____   ___   ___  
 |_   _| | __| / __| |_   _|   / __| |_   _|   /_\   | _ \ |_   _| | __| |   \ 
   | |   | _|  \__ \   | |     \__ \   | |    / _ \  |   /   | |   | _|  | |) |
   |_|   |___| |___/   |_|     |___/   |_|   /_/ \_\ |_|_\   |_|   |___| |___/ 

Get LIST USER(testing-api---get;get-list-user)
--------------------------------------------------------------------------------
17:42:04.481 [pool-2-thread-1] DEBUG net.thucydides.core.requirements.model.cucumber.CucumberParser - Added feature Testing API - PATCH
17:42:04.488 [pool-2-thread-1] DEBUG net.thucydides.core.requirements.model.cucumber.CucumberParser - Added feature Testing API - GET
17:42:04.491 [pool-2-thread-1] DEBUG net.thucydides.core.requirements.model.cucumber.CucumberParser - Added feature Testing API - DELETE
17:42:04.493 [pool-2-thread-1] DEBUG net.thucydides.core.requirements.model.cucumber.CucumberParser - Added feature Testing API - POST
17:42:04.494 [pool-2-thread-1] DEBUG net.thucydides.core.requirements.model.cucumber.CucumberParser - Added feature Testing API - PUT
  &amp#27;[32mGiven &amp#27;[0m&amp#27;[32mUser Set Paramater API reqres get LIST USERS&amp#27;[0m &amp#27;[90m# step_definitions.GET.getStepdef.userSetParamaterAPIReqresGetLISTUSERS()&amp#27;[0m
  &amp#27;[32mThen &amp#27;[0m&amp#27;[32mStatus Code Should be &amp#27;[0m&amp#27;[32m&amp#27;[1m200&amp#27;[0m&amp#27;[32m OK&amp#27;[0m                  &amp#27;[90m# step_definitions.reqresStatusCode.statusCodeShouldBeOK(int)&amp#27;[0m
  &amp#27;[32mAnd &amp#27;[0m&amp#27;[32mValidate get LIST USERS json schema&amp#27;[0m            &amp#27;[90m# step_definitions.GET.getStepdef.validateGetLISTUSERSJsonSchema()&amp#27;[0m
17:42:06.041 [pool-2-thread-1] INFO  - 
  _____   ___   ___   _____     ___     _     ___   ___   ___   ___  
 |_   _| | __| / __| |_   _|   | _ \   /_\   / __| / __| | __| |   \ 
   | |   | _|  \__ \   | |     |  _/  / _ \  \__ \ \__ \ | _|  | |) |
   |_|   |___| |___/   |_|     |_|   /_/ \_\ |___/ |___/ |___| |___/ 

Get LIST USER
----------------------------------------------------------------------
]]></system-out>
  </testcase>
  <testcase name="Get SINGLE USER" classname="Testing API - GET" time="0.113">
    <system-out><![CDATA[
@REQRES @GET
Scenario: Get SINGLE USER                             &amp#27;[90m# features//GET.feature:10&amp#27;[0m
17:42:06.044 [pool-2-thread-1] INFO io.cucumber.core.plugin.SerenityReporter - Running feature from classpath:features//GET.feature
17:42:06.045 [pool-2-thread-1] INFO  - 
  _____   ___   ___   _____     ___   _____     _     ___   _____   ___   ___  
 |_   _| | __| / __| |_   _|   / __| |_   _|   /_\   | _ \ |_   _| | __| |   \ 
   | |   | _|  \__ \   | |     \__ \   | |    / _ \  |   /   | |   | _|  | |) |
   |_|   |___| |___/   |_|     |___/   |_|   /_/ \_\ |_|_\   |_|   |___| |___/ 

Get SINGLE USER(testing-api---get;get-single-user)
--------------------------------------------------------------------------------
  &amp#27;[32mGiven &amp#27;[0m&amp#27;[32mUser Set Paramater API reqres get SINGLE USER&amp#27;[0m &amp#27;[90m# step_definitions.GET.getStepdef.userSetParamaterAPIReqresGetSINGLEUSER()&amp#27;[0m
  &amp#27;[32mThen &amp#27;[0m&amp#27;[32mStatus Code Should be &amp#27;[0m&amp#27;[32m&amp#27;[1m200&amp#27;[0m&amp#27;[32m OK&amp#27;[0m                   &amp#27;[90m# step_definitions.reqresStatusCode.statusCodeShouldBeOK(int)&amp#27;[0m
  &amp#27;[32mAnd &amp#27;[0m&amp#27;[32mValidate get SINGLE USER json schema&amp#27;[0m            &amp#27;[90m# step_definitions.GET.getStepdef.validateGetSINGLEUSERJsonSchema()&amp#27;[0m
17:42:06.155 [pool-2-thread-1] INFO  - 
  _____   ___   ___   _____     ___     _     ___   ___   ___   ___  
 |_   _| | __| / __| |_   _|   | _ \   /_\   / __| / __| | __| |   \ 
   | |   | _|  \__ \   | |     |  _/  / _ \  \__ \ \__ \ | _|  | |) |
   |_|   |___| |___/   |_|     |_|   /_/ \_\ |___/ |___/ |___| |___/ 

Get SINGLE USER
----------------------------------------------------------------------
]]></system-out>
  </testcase>
  <testcase name="Get SINGLE USER NOT FOUND" classname="Testing API - GET" time="0.471">
    <system-out><![CDATA[
@REQRES @GET
Scenario: Get SINGLE USER NOT FOUND                             &amp#27;[90m# features//GET.feature:15&amp#27;[0m
17:42:06.157 [pool-2-thread-1] INFO io.cucumber.core.plugin.SerenityReporter - Running feature from classpath:features//GET.feature
17:42:06.158 [pool-2-thread-1] INFO  - 
  _____   ___   ___   _____     ___   _____     _     ___   _____   ___   ___  
 |_   _| | __| / __| |_   _|   / __| |_   _|   /_\   | _ \ |_   _| | __| |   \ 
   | |   | _|  \__ \   | |     \__ \   | |    / _ \  |   /   | |   | _|  | |) |
   |_|   |___| |___/   |_|     |___/   |_|   /_/ \_\ |_|_\   |_|   |___| |___/ 

Get SINGLE USER NOT FOUND(testing-api---get;get-single-user-not-found)
--------------------------------------------------------------------------------
  &amp#27;[32mGiven &amp#27;[0m&amp#27;[32mUser Set Paramater API reqres get SINGLE USER NOT FOUND&amp#27;[0m &amp#27;[90m# step_definitions.GET.getStepdef.userSetParamaterAPIReqresGetSINGLEUSERNOTFOUND()&amp#27;[0m
  &amp#27;[32mThen &amp#27;[0m&amp#27;[32mStatus Code Should be &amp#27;[0m&amp#27;[32m&amp#27;[1m404&amp#27;[0m&amp#27;[32m Not_Found&amp#27;[0m                      &amp#27;[90m# step_definitions.reqresStatusCode.statusCodeShouldBeNot_Found(int)&amp#27;[0m
  &amp#27;[32mAnd &amp#27;[0m&amp#27;[32mValidate get SINGLE USER NOT FOUND json schema&amp#27;[0m            &amp#27;[90m# step_definitions.GET.getStepdef.validateGetSINGLEUSERNOTFOUNDJsonSchema()&amp#27;[0m
17:42:06.626 [pool-2-thread-1] INFO  - 
  _____   ___   ___   _____     ___     _     ___   ___   ___   ___  
 |_   _| | __| / __| |_   _|   | _ \   /_\   / __| / __| | __| |   \ 
   | |   | _|  \__ \   | |     |  _/  / _ \  \__ \ \__ \ | _|  | |) |
   |_|   |___| |___/   |_|     |_|   /_/ \_\ |___/ |___/ |___| |___/ 

Get SINGLE USER NOT FOUND
----------------------------------------------------------------------
]]></system-out>
  </testcase>
  <testcase name="Get LIST &lt;RESOURCE&gt;" classname="Testing API - GET" time="0.138">
    <system-out><![CDATA[
@REQRES @GET
Scenario: Get LIST <RESOURCE>                           &amp#27;[90m# features//GET.feature:20&amp#27;[0m
17:42:06.631 [pool-2-thread-1] INFO io.cucumber.core.plugin.SerenityReporter - Running feature from classpath:features//GET.feature
17:42:06.632 [pool-2-thread-1] INFO  - 
  _____   ___   ___   _____     ___   _____     _     ___   _____   ___   ___  
 |_   _| | __| / __| |_   _|   / __| |_   _|   /_\   | _ \ |_   _| | __| |   \ 
   | |   | _|  \__ \   | |     \__ \   | |    / _ \  |   /   | |   | _|  | |) |
   |_|   |___| |___/   |_|     |___/   |_|   /_/ \_\ |_|_\   |_|   |___| |___/ 

Get LIST <RESOURCE>(testing-api---get;get-list-<resource>)
--------------------------------------------------------------------------------
  &amp#27;[32mGiven &amp#27;[0m&amp#27;[32mUser Set Paramater API reqres get LIST RESOURCE&amp#27;[0m &amp#27;[90m# step_definitions.GET.getStepdef.userSetParamaterAPIReqresGetLISTRESOURCE()&amp#27;[0m
  &amp#27;[32mThen &amp#27;[0m&amp#27;[32mStatus Code Should be &amp#27;[0m&amp#27;[32m&amp#27;[1m200&amp#27;[0m&amp#27;[32m OK&amp#27;[0m                     &amp#27;[90m# step_definitions.reqresStatusCode.statusCodeShouldBeOK(int)&amp#27;[0m
  &amp#27;[32mAnd &amp#27;[0m&amp#27;[32mValidate get LIST RESOURCE json schema&amp#27;[0m            &amp#27;[90m# step_definitions.GET.getStepdef.validateGetLISTRESOURCEJsonSchema()&amp#27;[0m
17:42:06.764 [pool-2-thread-1] INFO  - 
  _____   ___   ___   _____     ___     _     ___   ___   ___   ___  
 |_   _| | __| / __| |_   _|   | _ \   /_\   / __| / __| | __| |   \ 
   | |   | _|  \__ \   | |     |  _/  / _ \  \__ \ \__ \ | _|  | |) |
   |_|   |___| |___/   |_|     |_|   /_/ \_\ |___/ |___/ |___| |___/ 

Get LIST <RESOURCE>
----------------------------------------------------------------------
]]></system-out>
  </testcase>
  <testcase name="Get SINGLE &lt;RESOURCE&gt;" classname="Testing API - GET" time="0.101">
    <system-out><![CDATA[
@REQRES @GET
Scenario: Get SINGLE <RESOURCE>                           &amp#27;[90m# features//GET.feature:25&amp#27;[0m
17:42:06.766 [pool-2-thread-1] INFO io.cucumber.core.plugin.SerenityReporter - Running feature from classpath:features//GET.feature
17:42:06.767 [pool-2-thread-1] INFO  - 
  _____   ___   ___   _____     ___   _____     _     ___   _____   ___   ___  
 |_   _| | __| / __| |_   _|   / __| |_   _|   /_\   | _ \ |_   _| | __| |   \ 
   | |   | _|  \__ \   | |     \__ \   | |    / _ \  |   /   | |   | _|  | |) |
   |_|   |___| |___/   |_|     |___/   |_|   /_/ \_\ |_|_\   |_|   |___| |___/ 

Get SINGLE <RESOURCE>(testing-api---get;get-single-<resource>)
--------------------------------------------------------------------------------
  &amp#27;[32mGiven &amp#27;[0m&amp#27;[32mUser Set Paramater API reqres get SINGLE RESOURCE&amp#27;[0m &amp#27;[90m# step_definitions.GET.getStepdef.userSetParamaterAPIReqresGetSINGLERESOURCE()&amp#27;[0m
  &amp#27;[32mThen &amp#27;[0m&amp#27;[32mStatus Code Should be &amp#27;[0m&amp#27;[32m&amp#27;[1m200&amp#27;[0m&amp#27;[32m OK&amp#27;[0m                       &amp#27;[90m# step_definitions.reqresStatusCode.statusCodeShouldBeOK(int)&amp#27;[0m
  &amp#27;[32mAnd &amp#27;[0m&amp#27;[32mValidate get SINGLE RESOURCE json schema&amp#27;[0m            &amp#27;[90m# step_definitions.GET.getStepdef.validateGetSINGLERESOURCEJsonSchema()&amp#27;[0m
17:42:06.864 [pool-2-thread-1] INFO  - 
  _____   ___   ___   _____     ___     _     ___   ___   ___   ___  
 |_   _| | __| / __| |_   _|   | _ \   /_\   / __| / __| | __| |   \ 
   | |   | _|  \__ \   | |     |  _/  / _ \  \__ \ \__ \ | _|  | |) |
   |_|   |___| |___/   |_|     |_|   /_/ \_\ |___/ |___/ |___| |___/ 

Get SINGLE <RESOURCE>
----------------------------------------------------------------------
]]></system-out>
  </testcase>
  <testcase name="Get SINGLE &lt;RESOURCE&gt; NOT FOUND" classname="Testing API - GET" time="0.492">
    <system-out><![CDATA[
@REQRES @GET
Scenario: Get SINGLE <RESOURCE> NOT FOUND                           &amp#27;[90m# features//GET.feature:30&amp#27;[0m
17:42:06.867 [pool-2-thread-1] INFO io.cucumber.core.plugin.SerenityReporter - Running feature from classpath:features//GET.feature
17:42:06.868 [pool-2-thread-1] INFO  - 
  _____   ___   ___   _____     ___   _____     _     ___   _____   ___   ___  
 |_   _| | __| / __| |_   _|   / __| |_   _|   /_\   | _ \ |_   _| | __| |   \ 
   | |   | _|  \__ \   | |     \__ \   | |    / _ \  |   /   | |   | _|  | |) |
   |_|   |___| |___/   |_|     |___/   |_|   /_/ \_\ |_|_\   |_|   |___| |___/ 

Get SINGLE <RESOURCE> NOT FOUND(testing-api---get;get-single-<resource>-not-found)
--------------------------------------------------------------------------------
  &amp#27;[32mGiven &amp#27;[0m&amp#27;[32mUser Set Paramater API reqres get SINGLE RESOURCE NOT FOUND&amp#27;[0m &amp#27;[90m# step_definitions.GET.getStepdef.userSetParamaterAPIReqresGetSINGLERESOURCENOTFOUND()&amp#27;[0m
  &amp#27;[32mThen &amp#27;[0m&amp#27;[32mStatus Code Should be &amp#27;[0m&amp#27;[32m&amp#27;[1m404&amp#27;[0m&amp#27;[32m Not_Found&amp#27;[0m                          &amp#27;[90m# step_definitions.reqresStatusCode.statusCodeShouldBeNot_Found(int)&amp#27;[0m
  &amp#27;[32mAnd &amp#27;[0m&amp#27;[32mValidate get SINGLE RESOURCE NOT FOUND json schema&amp#27;[0m            &amp#27;[90m# step_definitions.GET.getStepdef.validateGetSINGLERESOURCENOTFOUNDJsonSchema()&amp#27;[0m
17:42:07.356 [pool-2-thread-1] INFO  - 
  _____   ___   ___   _____     ___     _     ___   ___   ___   ___  
 |_   _| | __| / __| |_   _|   | _ \   /_\   / __| / __| | __| |   \ 
   | |   | _|  \__ \   | |     |  _/  / _ \  \__ \ \__ \ | _|  | |) |
   |_|   |___| |___/   |_|     |_|   /_/ \_\ |___/ |___/ |___| |___/ 

Get SINGLE <RESOURCE> NOT FOUND
----------------------------------------------------------------------
]]></system-out>
  </testcase>
  <testcase name="Get DELAYED RESPONSE" classname="Testing API - GET" time="3.475">
    <system-out><![CDATA[
@REQRES @GET
Scenario: Get DELAYED RESPONSE                             &amp#27;[90m# features//GET.feature:35&amp#27;[0m
17:42:07.360 [pool-2-thread-1] INFO io.cucumber.core.plugin.SerenityReporter - Running feature from classpath:features//GET.feature
17:42:07.361 [pool-2-thread-1] INFO  - 
  _____   ___   ___   _____     ___   _____     _     ___   _____   ___   ___  
 |_   _| | __| / __| |_   _|   / __| |_   _|   /_\   | _ \ |_   _| | __| |   \ 
   | |   | _|  \__ \   | |     \__ \   | |    / _ \  |   /   | |   | _|  | |) |
   |_|   |___| |___/   |_|     |___/   |_|   /_/ \_\ |_|_\   |_|   |___| |___/ 

Get DELAYED RESPONSE(testing-api---get;get-delayed-response)
--------------------------------------------------------------------------------
  &amp#27;[32mGiven &amp#27;[0m&amp#27;[32mUser Set Paramater API reqres get DELAYED RESPONSE&amp#27;[0m &amp#27;[90m# step_definitions.GET.getStepdef.userSetParamaterAPIReqresGetDELAYEDRESPONSE()&amp#27;[0m
  &amp#27;[32mThen &amp#27;[0m&amp#27;[32mStatus Code Should be &amp#27;[0m&amp#27;[32m&amp#27;[1m200&amp#27;[0m&amp#27;[32m OK&amp#27;[0m                        &amp#27;[90m# step_definitions.reqresStatusCode.statusCodeShouldBeOK(int)&amp#27;[0m
  &amp#27;[32mAnd &amp#27;[0m&amp#27;[32mValidate get DELAYED RESPONSE json schema&amp#27;[0m            &amp#27;[90m# step_definitions.GET.getStepdef.validateGetDELAYEDRESPONSEJsonSchema()&amp#27;[0m
17:42:10.831 [pool-2-thread-1] INFO  - 
  _____   ___   ___   _____     ___     _     ___   ___   ___   ___  
 |_   _| | __| / __| |_   _|   | _ \   /_\   / __| / __| | __| |   \ 
   | |   | _|  \__ \   | |     |  _/  / _ \  \__ \ \__ \ | _|  | |) |
   |_|   |___| |___/   |_|     |_|   /_/ \_\ |___/ |___/ |___| |___/ 

Get DELAYED RESPONSE
----------------------------------------------------------------------
]]></system-out>
  </testcase>
</testsuite>